Build started 2013/7/15 13:33:03.
Overriding target "GetFrameworkPaths" in project "C:\Windows\Microsoft.NET\Framework\v4.0.30319\Microsoft.Common.Targets" with target "GetFrameworkPaths" from project "C:\Windows\Microsoft.NET\Framework\v4.0.30319\Microsoft.NETFramework.targets".
Overriding target "SatelliteDllsProjectOutputGroup" in project "C:\Windows\Microsoft.NET\Framework\v4.0.30319\Microsoft.Common.Targets" with target "SatelliteDllsProjectOutputGroup" from project "C:\Windows\Microsoft.NET\Framework\v4.0.30319\Microsoft.WinFX.targets".
Overriding target "GenerateTargetFrameworkMonikerAttribute" in project "C:\Windows\Microsoft.NET\Framework\v4.0.30319\Microsoft.Common.Targets" with target "GenerateTargetFrameworkMonikerAttribute" from project "C:\Program Files (x86)\MSBuild\Microsoft.Cpp\v4.0\V110\Microsoft.BuildSteps.Targets".
Overriding target "Build" in project "C:\Windows\Microsoft.NET\Framework\v4.0.30319\Microsoft.Common.Targets" with target "Build" from project "C:\Program Files (x86)\MSBuild\Microsoft.Cpp\v4.0\V110\Microsoft.BuildSteps.Targets".
Overriding target "Rebuild" in project "C:\Windows\Microsoft.NET\Framework\v4.0.30319\Microsoft.Common.Targets" with target "Rebuild" from project "C:\Program Files (x86)\MSBuild\Microsoft.Cpp\v4.0\V110\Microsoft.BuildSteps.Targets".
Overriding target "AfterBuild" in project "C:\Windows\Microsoft.NET\Framework\v4.0.30319\Microsoft.Common.Targets" with target "AfterBuild" from project "C:\Program Files (x86)\MSBuild\Microsoft.Cpp\v4.0\V110\Microsoft.BuildSteps.Targets".
Overriding target "PrepareForBuild" in project "C:\Windows\Microsoft.NET\Framework\v4.0.30319\Microsoft.Common.Targets" with target "PrepareForBuild" from project "C:\Program Files (x86)\MSBuild\Microsoft.Cpp\v4.0\V110\Microsoft.CppBuild.targets".
Overriding target "GetTargetPath" in project "C:\Windows\Microsoft.NET\Framework\v4.0.30319\Microsoft.Common.Targets" with target "GetTargetPath" from project "C:\Program Files (x86)\MSBuild\Microsoft.Cpp\v4.0\V110\Microsoft.CppBuild.targets".
Overriding target "ComputeIntermediateSatelliteAssemblies" in project "C:\Windows\Microsoft.NET\Framework\v4.0.30319\Microsoft.Common.Targets" with target "ComputeIntermediateSatelliteAssemblies" from project "C:\Program Files (x86)\MSBuild\Microsoft.Cpp\v4.0\V110\Microsoft.CppBuild.targets".
Overriding target "ClCompile" in project "C:\Program Files (x86)\MSBuild\Microsoft.Cpp\v4.0\V110\Microsoft.CppBuild.targets" with target "ClCompile" from project "C:\Program Files (x86)\MSBuild\Microsoft.Cpp\v4.0\V110\Microsoft.CppBuild.targets".
Overriding target "ResourceCompile" in project "C:\Program Files (x86)\MSBuild\Microsoft.Cpp\v4.0\V110\Microsoft.CppBuild.targets" with target "ResourceCompile" from project "C:\Program Files (x86)\MSBuild\Microsoft.Cpp\v4.0\V110\Microsoft.CppBuild.targets".
Overriding target "Lib" in project "C:\Program Files (x86)\MSBuild\Microsoft.Cpp\v4.0\V110\Microsoft.CppBuild.targets" with target "Lib" from project "C:\Program Files (x86)\MSBuild\Microsoft.Cpp\v4.0\V110\Microsoft.CppBuild.targets".
Overriding target "Link" in project "C:\Program Files (x86)\MSBuild\Microsoft.Cpp\v4.0\V110\Microsoft.CppBuild.targets" with target "Link" from project "C:\Program Files (x86)\MSBuild\Microsoft.Cpp\v4.0\V110\Microsoft.CppBuild.targets".
Overriding target "AllProjectOutputGroups" in project "C:\Windows\Microsoft.NET\Framework\v4.0.30319\Microsoft.Common.Targets" with target "AllProjectOutputGroups" from project "C:\Program Files (x86)\MSBuild\Microsoft.Cpp\v4.0\V110\Microsoft.CppBuild.targets".
Overriding target "BuiltProjectOutputGroup" in project "C:\Windows\Microsoft.NET\Framework\v4.0.30319\Microsoft.Common.Targets" with target "BuiltProjectOutputGroup" from project "C:\Program Files (x86)\MSBuild\Microsoft.Cpp\v4.0\V110\Microsoft.CppBuild.targets".
Overriding target "DebugSymbolsProjectOutputGroup" in project "C:\Windows\Microsoft.NET\Framework\v4.0.30319\Microsoft.Common.Targets" with target "DebugSymbolsProjectOutputGroup" from project "C:\Program Files (x86)\MSBuild\Microsoft.Cpp\v4.0\V110\Microsoft.CppBuild.targets".
Overriding target "DocumentationProjectOutputGroup" in project "C:\Windows\Microsoft.NET\Framework\v4.0.30319\Microsoft.Common.Targets" with target "DocumentationProjectOutputGroup" from project "C:\Program Files (x86)\MSBuild\Microsoft.Cpp\v4.0\V110\Microsoft.CppBuild.targets".
Overriding target "SourceFilesProjectOutputGroup" in project "C:\Windows\Microsoft.NET\Framework\v4.0.30319\Microsoft.Common.Targets" with target "SourceFilesProjectOutputGroup" from project "C:\Program Files (x86)\MSBuild\Microsoft.Cpp\v4.0\V110\Microsoft.CppBuild.targets".
Overriding target "ContentFilesProjectOutputGroup" in project "C:\Windows\Microsoft.NET\Framework\v4.0.30319\Microsoft.Common.Targets" with target "ContentFilesProjectOutputGroup" from project "C:\Program Files (x86)\MSBuild\Microsoft.Cpp\v4.0\V110\Microsoft.CppBuild.targets".
Overriding target "AllProjectOutputGroupsDependencies" in project "C:\Windows\Microsoft.NET\Framework\v4.0.30319\Microsoft.Common.Targets" with target "AllProjectOutputGroupsDependencies" from project "C:\Program Files (x86)\MSBuild\Microsoft.Cpp\v4.0\V110\Microsoft.CppBuild.targets".
Overriding target "BuiltProjectOutputGroupDependencies" in project "C:\Windows\Microsoft.NET\Framework\v4.0.30319\Microsoft.Common.Targets" with target "BuiltProjectOutputGroupDependencies" from project "C:\Program Files (x86)\MSBuild\Microsoft.Cpp\v4.0\V110\Microsoft.CppBuild.targets".
Overriding target "DebugSymbolsProjectOutputGroupDependencies" in project "C:\Windows\Microsoft.NET\Framework\v4.0.30319\Microsoft.Common.Targets" with target "DebugSymbolsProjectOutputGroupDependencies" from project "C:\Program Files (x86)\MSBuild\Microsoft.Cpp\v4.0\V110\Microsoft.CppBuild.targets".
Overriding target "DocumentationProjectOutputGroupDependencies" in project "C:\Windows\Microsoft.NET\Framework\v4.0.30319\Microsoft.Common.Targets" with target "DocumentationProjectOutputGroupDependencies" from project "C:\Program Files (x86)\MSBuild\Microsoft.Cpp\v4.0\V110\Microsoft.CppBuild.targets".
Overriding target "PreBuildEvent" in project "C:\Windows\Microsoft.NET\Framework\v4.0.30319\Microsoft.Common.Targets" with target "PreBuildEvent" from project "C:\Program Files (x86)\MSBuild\Microsoft.Cpp\v4.0\V110\Microsoft.CppCommon.targets".
Overriding target "PostBuildEvent" in project "C:\Windows\Microsoft.NET\Framework\v4.0.30319\Microsoft.Common.Targets" with target "PostBuildEvent" from project "C:\Program Files (x86)\MSBuild\Microsoft.Cpp\v4.0\V110\Microsoft.CppCommon.targets".
Overriding target "ClCompile" in project "C:\Program Files (x86)\MSBuild\Microsoft.Cpp\v4.0\V110\Microsoft.CppBuild.targets" with target "ClCompile" from project "C:\Program Files (x86)\MSBuild\Microsoft.Cpp\v4.0\V110\Microsoft.CppCommon.targets".
Overriding target "Link" in project "C:\Program Files (x86)\MSBuild\Microsoft.Cpp\v4.0\V110\Microsoft.CppBuild.targets" with target "Link" from project "C:\Program Files (x86)\MSBuild\Microsoft.Cpp\v4.0\V110\Microsoft.CppCommon.targets".
Overriding target "Lib" in project "C:\Program Files (x86)\MSBuild\Microsoft.Cpp\v4.0\V110\Microsoft.CppBuild.targets" with target "Lib" from project "C:\Program Files (x86)\MSBuild\Microsoft.Cpp\v4.0\V110\Microsoft.CppCommon.targets".
Overriding target "ImpLib" in project "C:\Program Files (x86)\MSBuild\Microsoft.Cpp\v4.0\V110\Microsoft.CppBuild.targets" with target "ImpLib" from project "C:\Program Files (x86)\MSBuild\Microsoft.Cpp\v4.0\V110\Microsoft.CppCommon.targets".
Overriding target "Midl" in project "C:\Program Files (x86)\MSBuild\Microsoft.Cpp\v4.0\V110\Microsoft.CppBuild.targets" with target "Midl" from project "C:\Program Files (x86)\MSBuild\Microsoft.Cpp\v4.0\V110\Microsoft.CppCommon.targets".
Overriding target "ResourceCompile" in project "C:\Program Files (x86)\MSBuild\Microsoft.Cpp\v4.0\V110\Microsoft.CppBuild.targets" with target "ResourceCompile" from project "C:\Program Files (x86)\MSBuild\Microsoft.Cpp\v4.0\V110\Microsoft.CppCommon.targets".
Overriding target "BeforeResGen" in project "C:\Windows\Microsoft.NET\Framework\v4.0.30319\Microsoft.Common.Targets" with target "BeforeResGen" from project "C:\Program Files (x86)\MSBuild\Microsoft.Cpp\v4.0\V110\Microsoft.CppCommon.targets".
Overriding target "ResGen" in project "C:\Windows\Microsoft.NET\Framework\v4.0.30319\Microsoft.Common.Targets" with target "ResGen" from project "C:\Program Files (x86)\MSBuild\Microsoft.Cpp\v4.0\V110\Microsoft.CppCommon.targets".
Overriding target "GenerateSatelliteAssemblies" in project "C:\Windows\Microsoft.NET\Framework\v4.0.30319\Microsoft.Common.Targets" with target "GenerateSatelliteAssemblies" from project "C:\Program Files (x86)\MSBuild\Microsoft.Cpp\v4.0\V110\Microsoft.CppCommon.targets".
Overriding target "Manifest" in project "C:\Program Files (x86)\MSBuild\Microsoft.Cpp\v4.0\V110\Microsoft.CppBuild.targets" with target "Manifest" from project "C:\Program Files (x86)\MSBuild\Microsoft.Cpp\v4.0\V110\Microsoft.CppCommon.targets".
Overriding target "XdcMake" in project "C:\Program Files (x86)\MSBuild\Microsoft.Cpp\v4.0\V110\Microsoft.CppBuild.targets" with target "XdcMake" from project "C:\Program Files (x86)\MSBuild\Microsoft.Cpp\v4.0\V110\Microsoft.CppCommon.targets".
Overriding target "BscMake" in project "C:\Program Files (x86)\MSBuild\Microsoft.Cpp\v4.0\V110\Microsoft.CppBuild.targets" with target "BscMake" from project "C:\Program Files (x86)\MSBuild\Microsoft.Cpp\v4.0\V110\Microsoft.CppCommon.targets".
Overriding target "ComputeMetaGenInputs" in project "C:\Program Files (x86)\MSBuild\Microsoft.Cpp\v4.0\V110\Microsoft.MetaGen.targets" with target "ComputeMetaGenInputs" from project "C:\Program Files (x86)\MSBuild\Microsoft.Cpp\v4.0\V110\Microsoft.CppCommon.targets".
Overriding target "GetNativeManifest" in project "C:\Windows\Microsoft.NET\Framework\v4.0.30319\Microsoft.Common.Targets" with target "GetNativeManifest" from project "C:\Program Files (x86)\MSBuild\Microsoft.Cpp\v4.0\V110\Microsoft.CppCommon.targets".
Project "D:\work\dcp\HdmiCard\HdmiCard.vcxproj" on node 1 (build target(s)).
Building with tools version "4.0".
Target "_CheckForInvalidConfigurationAndPlatform" in file "C:\Windows\Microsoft.NET\Framework\v4.0.30319\Microsoft.Common.Targets" from project "D:\work\dcp\HdmiCard\HdmiCard.vcxproj" (entry point):
Task "Error" skipped, due to false condition; ( '$(_InvalidConfigurationError)' == 'true' ) was evaluated as ( '' == 'true' ).
Task "Warning" skipped, due to false condition; ( '$(_InvalidConfigurationWarning)' == 'true' ) was evaluated as ( '' == 'true' ).
Using "Message" task from assembly "Microsoft.Build.Tasks.v4.0, Version=4.0.0.0, Culture=neutral, PublicKeyToken=b03f5f7f11d50a3a".
Task "Message"
  Configuration=Win7 Release
Done executing task "Message".
Task "Message"
  Platform=x64
Done executing task "Message".
Task "Error" skipped, due to false condition; ('$(OutDir)' != '' and !HasTrailingSlash('$(OutDir)')) was evaluated as ('Win7Release\x64\' != '' and !HasTrailingSlash('Win7Release\x64\')).
Task "Error" skipped, due to false condition; ('$(BaseIntermediateOutputPath)' != '' and !HasTrailingSlash('$(BaseIntermediateOutputPath)')) was evaluated as ('obj\' != '' and !HasTrailingSlash('obj\')).
Task "Error" skipped, due to false condition; ('$(IntermediateOutputPath)' != '' and !HasTrailingSlash('$(IntermediateOutputPath)')) was evaluated as ('Win7Release\x64\' != '' and !HasTrailingSlash('Win7Release\x64\')).
Done building target "_CheckForInvalidConfigurationAndPlatform" in project "HdmiCard.vcxproj".
Target "_PrepareForBuild" in file "C:\Program Files (x86)\MSBuild\Microsoft.Cpp\v4.0\V110\Microsoft.BuildSteps.Targets" from project "D:\work\dcp\HdmiCard\HdmiCard.vcxproj" (target "Build" depends on it):
Task "CreateItem" skipped, due to false condition; ('%(CustomBuild.IncludeFileToTool)'!='') was evaluated as (''!='').
Done building target "_PrepareForBuild" in project "HdmiCard.vcxproj".
Target "_PrepareForReferenceResolution" in file "C:\Program Files (x86)\MSBuild\Microsoft.Cpp\v4.0\V110\Microsoft.CppBuild.targets" from project "D:\work\dcp\HdmiCard\HdmiCard.vcxproj" (target "ResolveReferences" depends on it):
Task "Message" skipped, due to false condition; ('$(_REFERENCE_DEBUG)'=='true') was evaluated as (''=='true').
Done building target "_PrepareForReferenceResolution" in project "HdmiCard.vcxproj".
Target "ComputeCrtSDKReference" skipped, due to false condition; ('@(ClCompile)'!='' and '$(WindowsAppContainer)'=='true' and '$(UseCrtSDKReference)' != 'false') was evaluated as ('hdmicard.c;init.c;isrdpc.c;write.c;devicectr.c'!='' and 'false'=='true' and '' != 'false').
Target "BeforeResolveReferences" in file "C:\Windows\Microsoft.NET\Framework\v4.0.30319\Microsoft.Common.Targets" from project "D:\work\dcp\HdmiCard\HdmiCard.vcxproj" (target "ResolveReferences" depends on it):
Done building target "BeforeResolveReferences" in project "HdmiCard.vcxproj".
Target "AssignProjectConfiguration" skipped, due to false condition; ('$(CurrentSolutionConfigurationContents)' != '' or '@(ProjectReference)'!='') was evaluated as ('' != '' or ''!='').
Target "AssignProjectConfiguration" skipped, due to false condition; ('$(CurrentSolutionConfigurationContents)' != '' or '@(ProjectReference)'!='') was evaluated as ('' != '' or ''!='').
Target "_SplitProjectReferencesByFileExistence" in file "C:\Windows\Microsoft.NET\Framework\v4.0.30319\Microsoft.Common.Targets" from project "D:\work\dcp\HdmiCard\HdmiCard.vcxproj" (target "ResolveProjectReferences" depends on it):
Task "ResolveNonMSBuildProjectOutput" skipped, due to false condition; ('$(BuildingInsideVisualStudio)'=='true' and '@(ProjectReferenceWithConfiguration)'!='') was evaluated as (''=='true' and ''!='').
Done building target "_SplitProjectReferencesByFileExistence" in project "HdmiCard.vcxproj".
Target "_RemoveNameMetadataFromProjectReferenceItems" skipped, due to false condition; ('@(ProjectReference)'!='') was evaluated as (''!='').
Target "ResolveProjectReferences" in file "C:\Windows\Microsoft.NET\Framework\v4.0.30319\Microsoft.Common.Targets" from project "D:\work\dcp\HdmiCard\HdmiCard.vcxproj" (target "ResolveReferences" depends on it):
Task "MSBuild" skipped, due to false condition; ('%(_MSBuildProjectReferenceExistent.BuildReference)' == 'true' and '@(ProjectReferenceWithConfiguration)' != '' and ('$(BuildingInsideVisualStudio)' == 'true' or '$(BuildProjectReferences)' != 'true') and '@(_MSBuildProjectReferenceExistent)' != '') was evaluated as ('' == 'true' and '' != '' and ('' == 'true' or 'false' != 'true') and '' != '').
Task "MSBuild" skipped, due to false condition; ('%(_MSBuildProjectReferenceExistent.BuildReference)' == 'true' and '@(ProjectReferenceWithConfiguration)' != '' and '$(BuildingInsideVisualStudio)' != 'true' and '$(BuildProjectReferences)' == 'true' and '@(_MSBuildProjectReferenceExistent)' != '') was evaluated as ('' == 'true' and '' != '' and '' != 'true' and 'false' == 'true' and '' != '').
Task "MSBuild" skipped, due to false condition; ('%(_MSBuildProjectReferenceExistent.BuildReference)' == 'true' and '@(ProjectReferenceWithConfiguration)' != '' and '$(BuildingProject)' == 'true' and '@(_MSBuildProjectReferenceExistent)' != '') was evaluated as ('' == 'true' and '' != '' and 'true' == 'true' and '' != '').
Task "Warning" skipped, due to false condition; ('@(ProjectReferenceWithConfiguration)' != '' and '@(_MSBuildProjectReferenceNonexistent)' != '') was evaluated as ('' != '' and '' != '').
Done building target "ResolveProjectReferences" in project "HdmiCard.vcxproj".
Target "ResolveNativeReferences" skipped, due to false condition; ('@(NativeReference)'!='') was evaluated as (''!='').
Target "_PrepareForReferenceResolution" skipped. Previously built successfully.
Target "GetFrameworkPaths" in file "C:\Windows\Microsoft.NET\Framework\v4.0.30319\Microsoft.NETFramework.targets" from project "D:\work\dcp\HdmiCard\HdmiCard.vcxproj" (target "ResolveAssemblyReferences" depends on it):
Done building target "GetFrameworkPaths" in project "HdmiCard.vcxproj".
Target "GetWinFXPath" skipped, due to false condition; (('@(Page)' != '' or '@(ApplicationDefinition)' != '' or '@(Resource)' != '') and ('$(GetWinFXNativePath)' != '' or '$(GetWinFXWoWPath)' != '' )) was evaluated as (('' != '' or '' != '' or '' != '') and ('' != '' or '' != '' )).
Target "GetReferenceAssemblyPaths" in file "C:\Windows\Microsoft.NET\Framework\v4.0.30319\Microsoft.Common.Targets" from project "D:\work\dcp\HdmiCard\HdmiCard.vcxproj" (target "ResolveAssemblyReferences" depends on it):
Task "GetReferenceAssemblyPaths" skipped, due to false condition; ('$(TargetFrameworkMoniker)' != '' and ('$(_TargetFrameworkDirectories)' == '' or '$(_FullFrameworkReferenceAssemblyPaths)' == '')) was evaluated as ('' != '' and ('C:\Program Files (x86)\Reference Assemblies\Microsoft\Framework\.NETFramework\v4.0' == '' or 'C:\Program Files (x86)\Reference Assemblies\Microsoft\Framework\.NETFramework\v4.0' == '')).
Done building target "GetReferenceAssemblyPaths" in project "HdmiCard.vcxproj".
Target "SetDriverVariables" in file "C:\Program Files (x86)\Windows Kits\8.0\build\WindowsDriver8.0.common.targets" from project "D:\work\dcp\HdmiCard\HdmiCard.vcxproj" (target "SetBuildDefaultEnvironmentVariables" depends on it):
Done building target "SetDriverVariables" in project "HdmiCard.vcxproj".
Target "SetBuildDefaultEnvironmentVariables" in file "C:\Program Files (x86)\MSBuild\Microsoft.Cpp\v4.0\V110\Microsoft.Cpp.targets" from project "D:\work\dcp\HdmiCard\HdmiCard.vcxproj" (target "PrepareForBuild" depends on it):
Using "SetEnv" task from assembly "Microsoft.Build.CppTasks.Common.v110, Version=4.0.0.0, Culture=neutral, PublicKeyToken=b03f5f7f11d50a3a".
Task "SetEnv"
  PATH=C:\Program Files (x86)\Microsoft Visual Studio 11.0\VC\bin\x86_amd64;C:\Program Files (x86)\Microsoft Visual Studio 11.0\VC\bin;C:\Program Files (x86)\Windows Kits\8.0\bin\x86;;C:\Program Files (x86)\Microsoft SDKs\Windows\v8.0A\bin\NETFX 4.0 Tools;C:\Program Files (x86)\Microsoft Visual Studio 11.0\Common7\Tools\bin;C:\Program Files (x86)\Microsoft Visual Studio 11.0\Common7\tools;C:\Program Files (x86)\Microsoft Visual Studio 11.0\Common7\ide;C:\Program Files (x86)\HTML Help Workshop;C:\Windows\Microsoft.NET\Framework\v4.0.30319\;;C:\Program Files (x86)\Windows Kits\8.0\TOOLS\SDV\bin;C:\Program Files (x86)\Microsoft Visual Studio 11.0\Common7\IDE\CommonExtensions\Microsoft\TestWindow;C:\Program Files (x86)\Microsoft SDKs\F#\3.0\Framework\v4.0\;C:\Program Files (x86)\Microsoft Visual Studio 11.0\Common7\IDE\;C:\Program Files (x86)\Microsoft Visual Studio 11.0\VC\BIN;C:\Program Files (x86)\Microsoft Visual Studio 11.0\Common7\Tools;C:\Windows\Microsoft.NET\Framework\v4.0.30319;C:\Windows\Microsoft.NET\Framework\v3.5;C:\Program Files (x86)\Microsoft Visual Studio 11.0\VC\VCPackages;C:\Program Files (x86)\HTML Help Workshop;C:\Program Files (x86)\HTML Help Workshop;C:\Program Files (x86)\Microsoft Visual Studio 11.0\Team Tools\Performance Tools;C:\Program Files (x86)\Windows Kits\8.0\bin\x86;C:\Program Files (x86)\Microsoft SDKs\Windows\v8.0A\bin\NETFX 4.0 Tools;C:\Program Files (x86)\Microsoft SDKs\Windows\v7.0A\bin\;C:\Program Files\Common Files\Intel\PCSDK\contrib\Total Immersion\bin\x64;C:\Program Files\Common Files\Intel\PCSDK\bin\x64;C:\Program Files (x86)\Common Files\Intel\PCSDK\contrib\Total Immersion\bin\win32;C:\Program Files (x86)\Common Files\Intel\PCSDK\bin\win32;C:\Program Files\Intel\Media SDK 2012 R3\bin\x64;C:\Program Files\Intel\Media SDK 2012 R3\bin\win32;C:\Program Files\Intel\Media SDK 2012 R2\bin\x64;C:\Program Files\Intel\Media SDK 2012 R2\bin\win32;C:\Windows\system32;C:\Windows;C:\Windows\System32\Wbem;C:\Windows\System32\WindowsPowerShell\v1.0\;C:\Program Files (x86)\Microsoft SQL Server\100\Tools\Binn\;C:\Program Files\Microsoft SQL Server\100\Tools\Binn\;C:\Program Files\Microsoft SQL Server\100\DTS\Binn\;D:\android-sdk\platform-tools;C:\Program Files\Microsoft Windows Performance Toolkit\;C:\Program Files\MySQL\MySQL Server 5.5\bin;C:\Program Files\nodejs\;C:\Program Files (x86)\Git\cmd;C:\Program Files (x86)\CMake 2.8\bin;C:\Program Files\Microsoft\Web Platform Installer\;C:\Program Files (x86)\Microsoft ASP.NET\ASP.NET Web Pages\v1.0\;C:\Program Files (x86)\Windows Kits\8.0\Windows Performance Toolkit\;C:\Program Files\Microsoft SQL Server\110\Tools\Binn\;C:\Users\zliu9\AppData\Roaming\npm\;C:\Program Files (x86)\Notepad++;C:\Program Files (x86)\Windows Kits\8.0\bin\x64;;C:\Program Files (x86)\Windows Kits\8.0\bin\x86\x64;C:\Program Files (x86)\Windows Kits\8.0\bin\x86;C:\Program Files (x86)\Windows Kits\8.0\tools\pfd\bin\bin\AMD64;C:\Program Files (x86)\Windows Kits\8.0\tools\tracing\x64
Done executing task "SetEnv".
Task "SetEnv" skipped, due to false condition; ('$(_IsNativeEnvironment)' == 'true') was evaluated as ('' == 'true').
Task "SetEnv"
  LIB=C:\Program Files (x86)\Windows Kits\8.0\lib\win7\KM\x64;C:\Program Files (x86)\Microsoft Visual Studio 11.0\VC\lib\amd64;C:\Program Files (x86)\Microsoft Visual Studio 11.0\VC\atlmfc\lib\amd64;C:\Program Files (x86)\Windows Kits\8.0\lib\win8\um\x64;;
Done executing task "SetEnv".
Task "SetEnv"
  LIBPATH=C:\Program Files (x86)\Microsoft Visual Studio 11.0\VC\atlmfc\lib\amd64;C:\Program Files (x86)\Microsoft Visual Studio 11.0\VC\lib\amd64;
Done executing task "SetEnv".
Task "SetEnv"
  INCLUDE=D:\work\dcp\HdmiCard\;C:\Program Files (x86)\Windows Kits\8.0\Include\km\crt;C:\Program Files (x86)\Windows Kits\8.0\Include\KM;C:\Program Files (x86)\Windows Kits\8.0\Include\shared;C:\Program Files (x86)\Windows Kits\8.0\Include\wdf\kmdf\1.11
Done executing task "SetEnv".
Done building target "SetBuildDefaultEnvironmentVariables" in project "HdmiCard.vcxproj".
Target "SetUserMacroEnvironmentVariables" in file "C:\Program Files (x86)\MSBuild\Microsoft.Cpp\v4.0\V110\Microsoft.Cpp.targets" from project "D:\work\dcp\HdmiCard\HdmiCard.vcxproj" (target "PrepareForBuild" depends on it):
Task "SetEnv"
  SDK_INC_PATH=C:\Program Files (x86)\Windows Kits\8.0\Include\shared
Done executing task "SetEnv".
Done building target "SetUserMacroEnvironmentVariables" in project "HdmiCard.vcxproj".
Target "GetResolvedWinMD" in file "C:\Program Files (x86)\MSBuild\Microsoft.Cpp\v4.0\V110\Microsoft.CppBuild.targets" from project "D:\work\dcp\HdmiCard\HdmiCard.vcxproj" (target "PrepareForBuild" depends on it):
Done building target "GetResolvedWinMD" in project "HdmiCard.vcxproj".
Target "PlatformPrepareForBuild" in file "C:\Program Files (x86)\MSBuild\Microsoft.Cpp\v4.0\V110\Microsoft.Cpp.Platform.targets" from project "D:\work\dcp\HdmiCard\HdmiCard.vcxproj" (target "PrepareForBuild" depends on it):
Task "VCMessage" skipped, due to false condition; ('$(DesignTimeBuild)'!='true' and '$(ConfigurationPlatformExists)' != 'true') was evaluated as (''!='true' and 'true' != 'true').
Task "VCMessage" skipped, due to false condition; ('$(DesignTimeBuild)'!='true' and '$(ToolsetTargetsFound)' != 'true' and '$(PlatformToolset)' == 'v100') was evaluated as (''!='true' and 'true' != 'true' and 'WindowsKernelModeDriver8.0' == 'v100').
Task "VCMessage" skipped, due to false condition; ('$(DesignTimeBuild)'!='true' and '$(ToolsetTargetsFound)' != 'true' and '$(PlatformToolset)' == 'v90') was evaluated as (''!='true' and 'true' != 'true' and 'WindowsKernelModeDriver8.0' == 'v90').
Task "VCMessage" skipped, due to false condition; ('$(DesignTimeBuild)'!='true' and '$(ToolsetTargetsFound)' != 'true' and '$(PlatformToolset)' != 'v90' and '$(PlatformToolset)' != 'v100') was evaluated as (''!='true' and 'true' != 'true' and 'WindowsKernelModeDriver8.0' != 'v90' and 'WindowsKernelModeDriver8.0' != 'v100').
Done building target "PlatformPrepareForBuild" in project "HdmiCard.vcxproj".
Target "GetFrameworkPaths" skipped. Previously built successfully.
Target "GetReferenceAssemblyPaths" skipped. Previously built successfully.
Target "ValidateDriverProperties" in file "C:\Program Files (x86)\Windows Kits\8.0\build\WindowsDriver8.0.common.targets" from project "D:\work\dcp\HdmiCard\HdmiCard.vcxproj" (target "PrepareForBuild" depends on it):
Task "Error" skipped, due to false condition; ('$(UnknownTargetVersion)' == 'true') was evaluated as ('' == 'true').
Task "Warning" skipped, due to false condition; ('$(NotSupportedForCurrentOS)' == 'true') was evaluated as ('' == 'true').
Task "Error" skipped, due to false condition; ('$(UnknownArchitecture)' == 'true') was evaluated as ('' == 'true').
Task "Error" skipped, due to false condition; ('$(MidlTargetMismatch)' == 'true') was evaluated as ('' == 'true').
Task "Error" skipped, due to false condition; ('$(UnknownKmdfVersion)' == 'true') was evaluated as ('' == 'true').
Task "Error" skipped, due to false condition; ('$(UnknownUmdfVersion)' == 'true') was evaluated as ('' == 'true').
Done building target "ValidateDriverProperties" in project "HdmiCard.vcxproj".
Target "PrepareForBuild" in file "C:\Program Files (x86)\MSBuild\Microsoft.Cpp\v4.0\V110\Microsoft.CppBuild.targets" from project "D:\work\dcp\HdmiCard\HdmiCard.vcxproj" (target "ResolveAssemblyReferences" depends on it):
Task "VCMessage" skipped, due to false condition; ('$(DesignTimeBuild)'!='true' and '$(ConfigurationPlatformExists)' != 'true') was evaluated as (''!='true' and 'true' != 'true').
Using "MakeDir" task from assembly "Microsoft.Build.Tasks.v4.0, Version=4.0.0.0, Culture=neutral, PublicKeyToken=b03f5f7f11d50a3a".
Task "MakeDir"
Done executing task "MakeDir".
Task "VCMessage" skipped, due to false condition; ('$(DesignTimeBuild)'!='true' and '$(WindowsAppContainer)'=='true' and '$(ConfigurationType)'!='Application' and '$(ConfigurationType)'!='DynamicLibrary' and '$(ConfigurationType)'!='StaticLibrary') was evaluated as (''!='true' and 'false'=='true' and 'Driver'!='Application' and 'Driver'!='DynamicLibrary' and 'Driver'!='StaticLibrary').
Task "VCMessage" skipped, due to false condition; ('$(DesignTimeBuild)'!='true' and '$(VCInstallDir)'=='' and '$(UseEnv)' != 'true' and ($(TargetFrameworkVersion)=='v3.5' or $(TargetFrameworkVersion)=='v3.0' or $(TargetFrameworkVersion)=='v2.0' )) was evaluated as (''!='true' and 'C:\Program Files (x86)\Microsoft Visual Studio 11.0\VC\'=='' and '' != 'true' and (v4.0=='v3.5' or v4.0=='v3.0' or v4.0=='v2.0' )).
Task "VCMessage" skipped, due to false condition; ('$(DesignTimeBuild)'!='true' and '$(VCInstallDir)'=='' and '$(UseEnv)' != 'true' and '$(PlatformToolset)'=='v90') was evaluated as (''!='true' and 'C:\Program Files (x86)\Microsoft Visual Studio 11.0\VC\'=='' and '' != 'true' and 'WindowsKernelModeDriver8.0'=='v90').
Task "VCMessage" skipped, due to false condition; ('$(VCInstallDir)'=='' and '$(UseEnv)' != 'true') was evaluated as ('C:\Program Files (x86)\Microsoft Visual Studio 11.0\VC\'=='' and '' != 'true').
Task "VCMessage" skipped, due to false condition; ('$(WindowsSDKDir)'=='' and '$(UseEnv)' != 'true') was evaluated as ('C:\Program Files (x86)\Windows Kits\8.0\'=='' and '' != 'true').
Task "VCMessage" skipped, due to false condition; ('$(IntDirTrailingSlashWarning)'=='true') was evaluated as (''=='true').
Task "VCMessage" skipped, due to false condition; ('$(OutDirTrailingSlashWarning)'=='true') was evaluated as (''=='true').
Task "VCMessage" skipped, due to false condition; ('%(CompatibilityIssues.Identity)' != '' and '$(DesignTimeBuild)'!='true') was evaluated as ('' != '' and ''!='true').
Task "MakeDir"
Done executing task "MakeDir".
Done building target "PrepareForBuild" in project "HdmiCard.vcxproj".
Target "_PrepareForReferenceResolution" skipped. Previously built successfully.
Target "ComputeCrtSDKReference" skipped, due to false condition; ('@(ClCompile)'!='' and '$(WindowsAppContainer)'=='true' and '$(UseCrtSDKReference)' != 'false') was evaluated as ('hdmicard.c;init.c;isrdpc.c;write.c;devicectr.c'!='' and 'false'=='true' and '' != 'false').
Target "GetInstalledSDKLocations" in file "C:\Windows\Microsoft.NET\Framework\v4.0.30319\Microsoft.Common.Targets" from project "D:\work\dcp\HdmiCard\HdmiCard.vcxproj" (target "ResolveSDKReferences" depends on it):
Task "GetInstalledSDKLocations" skipped, due to false condition; ('@(SDKReference)' != '') was evaluated as ('' != '').
Done building target "GetInstalledSDKLocations" in project "HdmiCard.vcxproj".
Target "ResolveSDKReferences" in file "C:\Windows\Microsoft.NET\Framework\v4.0.30319\Microsoft.Common.Targets" from project "D:\work\dcp\HdmiCard\HdmiCard.vcxproj" (target "ResolveAssemblyReferences" depends on it):
Task "ResolveSDKReference" skipped, due to false condition; ('@(SDKReference)'!='') was evaluated as (''!='').
Done building target "ResolveSDKReferences" in project "HdmiCard.vcxproj".
Target "ResolveSDKReferences" skipped. Previously built successfully.
Target "ExpandSDKReferences" in file "C:\Windows\Microsoft.NET\Framework\v4.0.30319\Microsoft.Common.Targets" from project "D:\work\dcp\HdmiCard\HdmiCard.vcxproj" (target "ResolveAssemblyReferences" depends on it):
Task "GetSDKReferenceFiles" skipped, due to false condition; ('@(ResolvedSDKReference)'!='') was evaluated as (''!='').
Done building target "ExpandSDKReferences" in project "HdmiCard.vcxproj".
Target "FakesGenerateBeforeBuild" skipped, due to false condition; (@(Fakes) != '' AND $(BuildingProject)) was evaluated as ( != '' AND true).
Target "ResolveAssemblyReferences" in file "C:\Windows\Microsoft.NET\Framework\v4.0.30319\Microsoft.Common.Targets" from project "D:\work\dcp\HdmiCard\HdmiCard.vcxproj" (target "ResolveReferences" depends on it):
Task "ResolveAssemblyReference" skipped, due to false condition; ('@(Reference)'!='' or '@(_ResolvedProjectReferencePaths)'!='' or '@(_ExplicitReference)' != '') was evaluated as (''!='' or ''!='' or '' != '').
Done building target "ResolveAssemblyReferences" in project "HdmiCard.vcxproj".
Target "ResolveComReferences" skipped, due to false condition; ('@(COMReference)'!='' or '@(COMFileReference)'!='') was evaluated as (''!='' or ''!='').
Target "AfterResolveReferences" in file "C:\Windows\Microsoft.NET\Framework\v4.0.30319\Microsoft.Common.Targets" from project "D:\work\dcp\HdmiCard\HdmiCard.vcxproj" (target "ResolveReferences" depends on it):
Done building target "AfterResolveReferences" in project "HdmiCard.vcxproj".
Target "ImplicitlyExpandDesignTimeFacades" skipped, due to false condition; ('$(ImplicitlyExpandDesignTimeFacades)' == 'true') was evaluated as ('' == 'true').
Target "ResolveTestReferences" skipped, due to false condition; ('@(Shadow)'!='') was evaluated as (''!='').
Target "ResolveReferences" in file "C:\Windows\Microsoft.NET\Framework\v4.0.30319\Microsoft.Common.Targets" from project "D:\work\dcp\HdmiCard\HdmiCard.vcxproj" (target "Build" depends on it):
Done building target "ResolveReferences" in project "HdmiCard.vcxproj".
Target "PrepareForBuild" skipped. Previously built successfully.
Target "PrepareForBuild" skipped. Previously built successfully.
Target "InitializeBuildStatus" in file "C:\Program Files (x86)\MSBuild\Microsoft.Cpp\v4.0\V110\Microsoft.CppBuild.targets" from project "D:\work\dcp\HdmiCard\HdmiCard.vcxproj" (target "Build" depends on it):
Using "ReadLinesFromFile" task from assembly "Microsoft.Build.Tasks.v4.0, Version=4.0.0.0, Culture=neutral, PublicKeyToken=b03f5f7f11d50a3a".
Task "ReadLinesFromFile"
Done executing task "ReadLinesFromFile".
Using "WriteLinesToFile" task from assembly "Microsoft.Build.Tasks.v4.0, Version=4.0.0.0, Culture=neutral, PublicKeyToken=b03f5f7f11d50a3a".
Task "WriteLinesToFile"
Done executing task "WriteLinesToFile".
Using "Touch" task from assembly "Microsoft.Build.Tasks.v4.0, Version=4.0.0.0, Culture=neutral, PublicKeyToken=b03f5f7f11d50a3a".
Task "Touch"
  Creating "Win7Release\x64\HdmiCard.unsuccessfulbuild" because "AlwaysCreate" was specified.
Done executing task "Touch".
Done building target "InitializeBuildStatus" in project "HdmiCard.vcxproj".
Target "AssignProjectConfiguration" skipped, due to false condition; ('$(CurrentSolutionConfigurationContents)' != '' or '@(ProjectReference)'!='') was evaluated as ('' != '' or ''!='').
Target "_SplitProjectReferencesByFileExistence" skipped. Previously built successfully.
Target "BuildGenerateSourcesTraverse" in file "C:\Windows\Microsoft.NET\Framework\v4.0.30319\Microsoft.Common.Targets" from project "D:\work\dcp\HdmiCard\HdmiCard.vcxproj" (target "BuildGenerateSources" depends on it):
Task "MSBuild" skipped, due to false condition; ('$(BuildPassReferences)' == 'true' and '@(ProjectReferenceWithConfiguration)' != '' and '@(_MSBuildProjectReferenceExistent)' != '' and '%(_MSBuildProjectReferenceExistent.BuildReference)' == 'true') was evaluated as ('' == 'true' and '' != '' and '' != '' and '' == 'true').
Done building target "BuildGenerateSourcesTraverse" in project "HdmiCard.vcxproj".
Target "PrepareForBuild" skipped. Previously built successfully.
Target "ResolveReferences" skipped. Previously built successfully.
Target "BeforeBuildGenerateSources" in file "C:\Program Files (x86)\MSBuild\Microsoft.Cpp\v4.0\V110\Microsoft.BuildSteps.Targets" from project "D:\work\dcp\HdmiCard\HdmiCard.vcxproj" (target "_BuildGenerateSourcesAction" depends on it):
Done building target "BeforeBuildGenerateSources" in project "HdmiCard.vcxproj".
Target "Converted Target 0" in file "D:\work\dcp\HdmiCard\makefile.inc.props" from project "D:\work\dcp\HdmiCard\HdmiCard.vcxproj" (target "PreBuildEvent" depends on it):
Initializing task factory "CodeTaskFactory" from assembly "C:\Windows\Microsoft.NET\Framework\v4.0.30319\Microsoft.Build.Tasks.v4.0.dll".
Using "ReplaceNmakeCommandTokens" task from the task factory "Code Task Factory".
Task "ReplaceNmakeCommandTokens"
Done executing task "ReplaceNmakeCommandTokens".
Task "Exec" skipped, due to false condition; ('$(TargetOutDated)'=='true') was evaluated as ('false'=='true').
Task "ReplaceNmakeCommandTokens"
Done executing task "ReplaceNmakeCommandTokens".
Task "Exec" skipped, due to false condition; ('$(TargetOutDated)'=='true') was evaluated as ('false'=='true').
Task "Message"
  File .\Win7Release\x64\\HdmiCard.inf is up-to-date
Done executing task "Message".
Done building target "Converted Target 0" in project "HdmiCard.vcxproj".
Target "StampInf" skipped, due to false condition; ('@(Inf)' != '') was evaluated as ('' != '').
Target "PreBuildEvent" in file "C:\Program Files (x86)\MSBuild\Microsoft.Cpp\v4.0\V110\Microsoft.CppCommon.targets" from project "D:\work\dcp\HdmiCard\HdmiCard.vcxproj" (target "_BuildGenerateSourcesAction" depends on it):
Task "Message" skipped, due to false condition; ('%(PreBuildEvent.Message)' != '' and '%(PreBuildEvent.Command)' != '') was evaluated as ('' != '' and '' != '').
Task "Exec" skipped, due to false condition; ('%(PreBuildEvent.Command)' != '') was evaluated as ('' != '').
Done building target "PreBuildEvent" in project "HdmiCard.vcxproj".
Target "Ctrpp" skipped, due to false condition; ('@(Ctrpp)' != '') was evaluated as ('' != '').
Target "BinplaceGenerated" skipped, due to false condition; ('@(BinplaceGenerated)' != '') was evaluated as ('' != '').
Target "CustomBuild" skipped, due to false condition; ('@(CustomBuild)' != '') was evaluated as ('' != '').
Target "_MASM" skipped, due to false condition; ('@(MASM)' != '') was evaluated as ('' != '').
Target "FxCompile" skipped, due to false condition; ('@(FxCompile)' != '') was evaluated as ('' != '').
Target "Xsd" skipped, due to false condition; ('@(Xsd)' != '') was evaluated as ('' != '').
Target "_Xsd" in file "C:\Program Files (x86)\MSBuild\Microsoft.Cpp\v4.0\V110\Microsoft.CppBuild.targets" from project "D:\work\dcp\HdmiCard\HdmiCard.vcxproj" (target "_BuildGenerateSourcesAction" depends on it):
Done building target "_Xsd" in project "HdmiCard.vcxproj".
Target "Ctrpp" skipped, due to false condition; ('@(Ctrpp)' != '') was evaluated as ('' != '').
Target "BinplaceGenerated" skipped, due to false condition; ('@(BinplaceGenerated)' != '') was evaluated as ('' != '').
Target "MakeDirsForMidl" in file "C:\Program Files (x86)\MSBuild\Microsoft.Cpp\v4.0\V110\Microsoft.CppBuild.targets" from project "D:\work\dcp\HdmiCard\HdmiCard.vcxproj" (target "_Midl" depends on it):
Task "Makedir"
Done executing task "Makedir".
Done building target "MakeDirsForMidl" in project "HdmiCard.vcxproj".
Target "Midl" skipped, due to false condition; ('@(Midl)' != '') was evaluated as ('' != '').
Target "_MASM" skipped, due to false condition; ('@(MASM)' != '') was evaluated as ('' != '').
Target "CustomBuild" skipped, due to false condition; ('@(CustomBuild)' != '') was evaluated as ('' != '').
Target "_MASM" skipped, due to false condition; ('@(MASM)' != '') was evaluated as ('' != '').
Target "FxCompile" skipped, due to false condition; ('@(FxCompile)' != '') was evaluated as ('' != '').
Target "ComputeMIDLGeneratedCompileInputs" in file "C:\Program Files (x86)\MSBuild\Microsoft.Cpp\v4.0\V110\Microsoft.CppBuild.targets" from project "D:\work\dcp\HdmiCard\HdmiCard.vcxproj" (target "_Midl" depends on it):
Done building target "ComputeMIDLGeneratedCompileInputs" in project "HdmiCard.vcxproj".
Target "AfterMidl" in file "C:\Program Files (x86)\MSBuild\Microsoft.Cpp\v4.0\V110\Microsoft.CppBuild.targets" from project "D:\work\dcp\HdmiCard\HdmiCard.vcxproj" (target "_Midl" depends on it):
Done building target "AfterMidl" in project "HdmiCard.vcxproj".
Target "_Midl" in file "C:\Program Files (x86)\MSBuild\Microsoft.Cpp\v4.0\V110\Microsoft.CppBuild.targets" from project "D:\work\dcp\HdmiCard\HdmiCard.vcxproj" (target "_BuildGenerateSourcesAction" depends on it):
Done building target "_Midl" in project "HdmiCard.vcxproj".
Target "Ctrpp" skipped, due to false condition; ('@(Ctrpp)' != '') was evaluated as ('' != '').
Target "BinplaceGenerated" skipped, due to false condition; ('@(BinplaceGenerated)' != '') was evaluated as ('' != '').
Target "AfterBuildGenerateSources" in file "C:\Program Files (x86)\MSBuild\Microsoft.Cpp\v4.0\V110\Microsoft.BuildSteps.Targets" from project "D:\work\dcp\HdmiCard\HdmiCard.vcxproj" (target "_BuildGenerateSourcesAction" depends on it):
Done building target "AfterBuildGenerateSources" in project "HdmiCard.vcxproj".
Target "AfterBuildGenerateSourcesEvent" in file "C:\Program Files (x86)\MSBuild\Microsoft.Cpp\v4.0\V110\Microsoft.CppBuild.targets" from project "D:\work\dcp\HdmiCard\HdmiCard.vcxproj" (target "_BuildGenerateSourcesAction" depends on it):
Done building target "AfterBuildGenerateSourcesEvent" in project "HdmiCard.vcxproj".
Target "_BuildGenerateSourcesAction" in file "C:\Program Files (x86)\MSBuild\Microsoft.Cpp\v4.0\V110\Microsoft.CppBuild.targets" from project "D:\work\dcp\HdmiCard\HdmiCard.vcxproj" (target "BuildGenerateSources" depends on it):
Done building target "_BuildGenerateSourcesAction" in project "HdmiCard.vcxproj".
Target "BuildGenerateSources" in file "C:\Windows\Microsoft.NET\Framework\v4.0.30319\Microsoft.Common.Targets" from project "D:\work\dcp\HdmiCard\HdmiCard.vcxproj" (target "Build" depends on it):
Done building target "BuildGenerateSources" in project "HdmiCard.vcxproj".
Target "AssignProjectConfiguration" skipped, due to false condition; ('$(CurrentSolutionConfigurationContents)' != '' or '@(ProjectReference)'!='') was evaluated as ('' != '' or ''!='').
Target "_SplitProjectReferencesByFileExistence" skipped. Previously built successfully.
Target "BuildCompileTraverse" in file "C:\Windows\Microsoft.NET\Framework\v4.0.30319\Microsoft.Common.Targets" from project "D:\work\dcp\HdmiCard\HdmiCard.vcxproj" (target "BuildCompile" depends on it):
Task "MSBuild" skipped, due to false condition; ('$(BuildPassReferences)' == 'true' and '@(ProjectReferenceWithConfiguration)' != '' and '@(_MSBuildProjectReferenceExistent)' != ''  and '%(_MSBuildProjectReferenceExistent.BuildReference)' == 'true') was evaluated as ('' == 'true' and '' != '' and '' != ''  and '' == 'true').
Done building target "BuildCompileTraverse" in project "HdmiCard.vcxproj".
Target "PrepareForBuild" skipped. Previously built successfully.
Target "ResolveReferences" skipped. Previously built successfully.
Target "PreprocessDllDef" skipped, due to false condition; (!Exists('$(ConvertedDllDef)') and Exists('$(DllDefInput)')) was evaluated as (!Exists('') and Exists('')).
Target "CheckManagedCxxContent" skipped, due to false condition; ('$(MANAGED_CXX)'!='') was evaluated as (''!='').
Target "SetPreCompiledHeader" in file "C:\Program Files (x86)\Windows Kits\8.0\bin\conversion\PostToolsetRules.props" from project "D:\work\dcp\HdmiCard\HdmiCard.vcxproj" (target "BeforeClCompile" depends on it):
Task "WriteLinesToFile"
Done executing task "WriteLinesToFile".
Done building target "SetPreCompiledHeader" in project "HdmiCard.vcxproj".
Target "Run_Wpp" in file "C:\Program Files (x86)\Windows Kits\8.0\bin\conversion\PostToolsetRules.props" from project "D:\work\dcp\HdmiCard\HdmiCard.vcxproj" (target "BeforeClCompile" depends on it):
Using "Exec" task from assembly "Microsoft.Build.Tasks.v4.0, Version=4.0.0.0, Culture=neutral, PublicKeyToken=b03f5f7f11d50a3a".
Task "Exec"
  "C:\Program Files (x86)\Windows Kits\8.0\\bin\x86\tracewpp.exe"  Win7Release\x64\\precomp_src.c HdmiCard.rc            HdmiCard.c             Init.c                IsrDpc.c              Write.c      	 DeviceCtr.c                                       -km                                              -func:TraceEvents(LEVEL,FLAGS,MSG,...)           -gen:{km-WdfDefault.tpl}*.tmh -cfgdir:"C:\Program Files (x86)\Windows Kits\8.0\\bin\WppConfig\rev1" -odir:"D:\work\dcp\HdmiCard\Win7Release\x64"
Done executing task "Exec".
Done building target "Run_Wpp" in project "HdmiCard.vcxproj".
Target "Run_Ctrpp" skipped, due to false condition; ('$(COUNTERS_MANIFEST)'!='') was evaluated as (''!='').
Target "Mofcomp" skipped, due to false condition; ('@(Mofcomp)' != '') was evaluated as ('' != '').
Target "GenerateBmfFile" skipped, due to false condition; ('@(GenerateBmf)' != '') was evaluated as ('' != '').
Target "PreprocessMofFiles" skipped, due to false condition; ('@(GenerateBmf)' != '') was evaluated as ('' != '').
Target "Wmimofck" skipped, due to false condition; ('@(Wmimofck)' != '') was evaluated as ('' != '').
Target "MessageCompile" skipped, due to false condition; ('@(MessageCompile)' != '') was evaluated as ('' != '').
Target "RunWpp" in file "C:\Program Files (x86)\Windows Kits\8.0\build\WindowsDriver8.0.common.targets" from project "D:\work\dcp\HdmiCard\HdmiCard.vcxproj" (target "BeforeClCompile" depends on it):
Task "Wpp" skipped, due to false condition; ('@(TraceWpp)' != '') was evaluated as ('' != '').
Done building target "RunWpp" in project "HdmiCard.vcxproj".
Target "BeforeClCompile" in file "C:\Program Files (x86)\MSBuild\Microsoft.Cpp\v4.0\V110\Microsoft.CppBuild.targets" from project "D:\work\dcp\HdmiCard\HdmiCard.vcxproj" (target "_ClCompile" depends on it):
Done building target "BeforeClCompile" in project "HdmiCard.vcxproj".
Target "ComputeMIDLGeneratedCompileInputs" skipped. Previously built successfully.
Target "ComputeCLInputPDBName" in file "C:\Program Files (x86)\MSBuild\Microsoft.Cpp\v4.0\V110\Microsoft.CppBuild.targets" from project "D:\work\dcp\HdmiCard\HdmiCard.vcxproj" (target "_ClCompile" depends on it):
Done building target "ComputeCLInputPDBName" in project "HdmiCard.vcxproj".
Target "ResolveReferences" skipped. Previously built successfully.
Target "ComputeReferenceCLInput" in file "C:\Program Files (x86)\MSBuild\Microsoft.Cpp\v4.0\V110\Microsoft.CppBuild.targets" from project "D:\work\dcp\HdmiCard\HdmiCard.vcxproj" (target "_ClCompile" depends on it):
Task "WriteLinesToFile" skipped, due to false condition; (('@(_ReferenceCopyLocalPaths)'!='') and '$(DesignTimeBuild)' != 'true') was evaluated as ((''!='') and '' != 'true').
Task "Message" skipped, due to false condition; ('$(_REFERENCE_DEBUG)'=='true') was evaluated as (''=='true').
Done building target "ComputeReferenceCLInput" in project "HdmiCard.vcxproj".
Target "MakeDirsForCl" in file "C:\Program Files (x86)\MSBuild\Microsoft.Cpp\v4.0\V110\Microsoft.CppBuild.targets" from project "D:\work\dcp\HdmiCard\HdmiCard.vcxproj" (target "_ClCompile" depends on it):
Task "MakeDir"
Done executing task "MakeDir".
Done building target "MakeDirsForCl" in project "HdmiCard.vcxproj".
Target "PrepareForBuild" skipped. Previously built successfully.
Target "SetBuildDefaultEnvironmentVariables" skipped. Previously built successfully.
Target "SetUserMacroEnvironmentVariables" skipped. Previously built successfully.
Target "_SelectedFiles" in file "C:\Program Files (x86)\MSBuild\Microsoft.Cpp\v4.0\V110\Microsoft.CppBuild.targets" from project "D:\work\dcp\HdmiCard\HdmiCard.vcxproj" (target "SelectClCompile" depends on it):
Done building target "_SelectedFiles" in project "HdmiCard.vcxproj".
Target "ComputeMIDLGeneratedCompileInputs" skipped. Previously built successfully.
Target "ComputeCLInputPDBName" skipped. Previously built successfully.
Target "ComputeReferenceCLInput" skipped. Previously built successfully.
Target "_SelectedFiles" skipped. Previously built successfully.
Target "SelectCustomBuild" in file "C:\Program Files (x86)\MSBuild\Microsoft.Cpp\v4.0\V110\Microsoft.CppBuild.targets" from project "D:\work\dcp\HdmiCard\HdmiCard.vcxproj" (target "SelectClCompile" depends on it):
Done building target "SelectCustomBuild" in project "HdmiCard.vcxproj".
Target "SelectClCompile" in file "C:\Program Files (x86)\MSBuild\Microsoft.Cpp\v4.0\V110\Microsoft.CppBuild.targets" from project "D:\work\dcp\HdmiCard\HdmiCard.vcxproj" (target "ClCompile" depends on it):
Done building target "SelectClCompile" in project "HdmiCard.vcxproj".
Target "GenerateTargetFrameworkMonikerAttribute" skipped, due to false condition; ('$(GenerateTargetFrameworkAttribute)' == 'true') was evaluated as ('false' == 'true').
Target "ManagedIncrementalBuildPreProcessDependencyGraph" skipped, due to false condition; ('@(ClCompile)' != '' and '$(EnableManagedIncrementalBuild)' == 'True') was evaluated as ('hdmicard.c;init.c;isrdpc.c;write.c;devicectr.c;Win7Release\x64\\precomp_src.c' != '' and 'false' == 'True').
Target "ClCompile" in file "C:\Program Files (x86)\MSBuild\Microsoft.Cpp\v4.0\V110\Microsoft.CppCommon.targets" from project "D:\work\dcp\HdmiCard\HdmiCard.vcxproj" (target "_ClCompile" depends on it):
Task "Delete" skipped, due to false condition; ('%(ClCompile.DebugInformationFormat)' != '' and '%(ClCompile.DebugInformationFormat)' != 'OldStyle' and '%(ClCompile.ProgramDataBaseFileName)' != '' and !Exists(%(ClCompile.ProgramDataBaseFileName))) was evaluated as ('ProgramDatabase' != '' and 'ProgramDatabase' != 'OldStyle' and 'Win7Release\x64\vc110.pdb' != '' and !Exists(Win7Release\x64\vc110.pdb)).
Task "CL" skipped, due to false condition; ('%(ClCompile.PrecompiledHeader)' == 'Create' and '%(ClCompile.ExcludedFromBuild)'!='true' and '%(ClCompile.CompilerIteration)' == '') was evaluated as ('Use' == 'Create' and ''!='true' and '' == '').
Using "CL" task from assembly "Microsoft.Build.CppTasks.Common.v110, Version=4.0.0.0, Culture=neutral, PublicKeyToken=b03f5f7f11d50a3a".
Task "CL"
  C:\Program Files (x86)\Windows Kits\8.0\TOOLS\SDV\\bin\interceptor\CL.exe /c /ID:\work\dcp\HdmiCard /IWin7Release\x64\ /Zi /nologo /W3 /WX /Ox /Os /Oy- /D _WIN64 /D _AMD64_ /D AMD64 /D WIN32_LEAN_AND_MEAN=1 /D _WIN32_WINNT=0x0601 /D WINVER=0x0601 /D WINNT=1 /D NTDDI_VERSION=0x06010000 /GF /Gm- /Zp8 /GS /Gy /fp:precise /Zc:wchar_t- /Zc:forScope- /GR- /Yc"precomp.h" /Fp"Win7Release\x64\\precomp.pch" /Fo"Win7Release\x64\\" /Fd"Win7Release\x64\vc110.pdb" /Gz /wd4603 /wd4627 /wd4986 /wd4987 /wd4996 /FI"C:\Program Files (x86)\Windows Kits\8.0\Include\Shared\warning.h" /errorReport:queue  /kernel -cbstring -d2epilogunwind /d1import_no_registry /d2AllowCompatibleILVersions /d2Zi+  Win7Release\x64\\precomp_src.c
  precomp_src.c
Done executing task "CL".
Task "CL"
  C:\Program Files (x86)\Windows Kits\8.0\TOOLS\SDV\\bin\interceptor\CL.exe /c /ID:\work\dcp\HdmiCard /IWin7Release\x64\ /Zi /nologo /W3 /WX /Ox /Os /Oy- /D _WIN64 /D _AMD64_ /D AMD64 /D WIN32_LEAN_AND_MEAN=1 /D _WIN32_WINNT=0x0601 /D WINVER=0x0601 /D WINNT=1 /D NTDDI_VERSION=0x06010000 /D KMDF_VERSION_MAJOR=1 /D KMDF_VERSION_MINOR=11 /GF /Gm- /Zp8 /GS /Gy /fp:precise /Zc:wchar_t- /Zc:forScope- /GR- /Yu"precomp.h" /Fp"Win7Release\x64\\precomp.pch" /Fo"Win7Release\x64\\" /Fd"Win7Release\x64\vc110.pdb" /Gz /wd4603 /wd4627 /wd4986 /wd4987 /wd4996 /FI"C:\Program Files (x86)\Windows Kits\8.0\Include\Shared\warning.h" /errorReport:queue  /kernel -cbstring -d2epilogunwind /d1import_no_registry /d2AllowCompatibleILVersions /d2Zi+  hdmicard.c init.c isrdpc.c write.c devicectr.c
  hdmicard.c
  init.c
  isrdpc.c
  write.c
  devicectr.c
  Generating Code...
Done executing task "CL".
Task "CL" skipped, due to false condition; ('%(ClCompile.PrecompiledHeader)' != 'Create' and '%(ClCompile.ExcludedFromBuild)'!='true' and '%(ClCompile.CompilerIteration)' == '') was evaluated as ('Create' != 'Create' and ''!='true' and '' == '').
Done building target "ClCompile" in project "HdmiCard.vcxproj".
Target "ManagedIncrementalBuildPostProcessDependencyGraph" skipped, due to false condition; ('@(ClCompile)' != '' and '$(EnableManagedIncrementalBuild)' == 'True') was evaluated as ('hdmicard.c;init.c;isrdpc.c;write.c;devicectr.c;Win7Release\x64\\precomp_src.c' != '' and 'false' == 'True').
Target "AfterClCompile" in file "C:\Program Files (x86)\MSBuild\Microsoft.Cpp\v4.0\V110\Microsoft.CppBuild.targets" from project "D:\work\dcp\HdmiCard\HdmiCard.vcxproj" (target "_ClCompile" depends on it):
Done building target "AfterClCompile" in project "HdmiCard.vcxproj".
Target "_ClCompile" in file "C:\Program Files (x86)\MSBuild\Microsoft.Cpp\v4.0\V110\Microsoft.CppBuild.targets" from project "D:\work\dcp\HdmiCard\HdmiCard.vcxproj" (target "_BuildCompileAction" depends on it):
Done building target "_ClCompile" in project "HdmiCard.vcxproj".
Target "BinplaceCompiled" skipped, due to false condition; ('@(BinplaceCompiled)' != '') was evaluated as ('' != '').
Target "_ResGen" skipped, due to false condition; ('@(EmbeddedResource)'!='') was evaluated as (''!='').
Target "BinplaceCompiled" skipped, due to false condition; ('@(BinplaceCompiled)' != '') was evaluated as ('' != '').
Target "BeforeResourceCompile" in file "C:\Program Files (x86)\MSBuild\Microsoft.Cpp\v4.0\V110\Microsoft.CppBuild.targets" from project "D:\work\dcp\HdmiCard\HdmiCard.vcxproj" (target "_ResourceCompile" depends on it):
Done building target "BeforeResourceCompile" in project "HdmiCard.vcxproj".
Target "MakeDirsForResourceCompile" in file "C:\Program Files (x86)\MSBuild\Microsoft.Cpp\v4.0\V110\Microsoft.CppBuild.targets" from project "D:\work\dcp\HdmiCard\HdmiCard.vcxproj" (target "_ResourceCompile" depends on it):
Task "MakeDir"
Done executing task "MakeDir".
Done building target "MakeDirsForResourceCompile" in project "HdmiCard.vcxproj".
Target "_SelectedFiles" skipped. Previously built successfully.
Target "SelectCustomBuild" skipped. Previously built successfully.
Target "SelectResourceCompile" in file "C:\Program Files (x86)\MSBuild\Microsoft.Cpp\v4.0\V110\Microsoft.CppBuild.targets" from project "D:\work\dcp\HdmiCard\HdmiCard.vcxproj" (target "ResourceCompile" depends on it):
Done building target "SelectResourceCompile" in project "HdmiCard.vcxproj".
Target "ResourceCompile" in file "C:\Program Files (x86)\MSBuild\Microsoft.Cpp\v4.0\V110\Microsoft.CppCommon.targets" from project "D:\work\dcp\HdmiCard\HdmiCard.vcxproj" (target "_ResourceCompile" depends on it):
Using "RC" task from assembly "Microsoft.Build.CppTasks.Common.v110, Version=4.0.0.0, Culture=neutral, PublicKeyToken=b03f5f7f11d50a3a".
Task "RC"
  C:\Program Files (x86)\Windows Kits\8.0\bin\x86\rc.exe /D _WIN64 /D _AMD64_=1 /D AMD64 /D WIN32_LEAN_AND_MEAN=1 /D _WIN32_WINNT=0x0601 /D WINVER=0x0601 /D WINNT=1 /D NTDDI_VERSION=0x06010000 /l"0x0409" /I"C:\Program Files (x86)\Windows Kits\8.0\Include\UM" /IWin7Release\x64\ /nologo /fo"Win7Release\x64\hdmicard.res"   hdmicard.rc 
Done executing task "RC".
Done building target "ResourceCompile" in project "HdmiCard.vcxproj".
Target "AfterResourceCompile" in file "C:\Program Files (x86)\MSBuild\Microsoft.Cpp\v4.0\V110\Microsoft.CppBuild.targets" from project "D:\work\dcp\HdmiCard\HdmiCard.vcxproj" (target "_ResourceCompile" depends on it):
Done building target "AfterResourceCompile" in project "HdmiCard.vcxproj".
Target "_ResourceCompile" in file "C:\Program Files (x86)\MSBuild\Microsoft.Cpp\v4.0\V110\Microsoft.CppBuild.targets" from project "D:\work\dcp\HdmiCard\HdmiCard.vcxproj" (target "_BuildCompileAction" depends on it):
Done building target "_ResourceCompile" in project "HdmiCard.vcxproj".
Target "BinplaceCompiled" skipped, due to false condition; ('@(BinplaceCompiled)' != '') was evaluated as ('' != '').
Target "_ImpLib" skipped, due to false condition; ('$(ImpLibCompiled)' == 'true') was evaluated as ('' == 'true').
Target "BinplaceCompiled" skipped, due to false condition; ('@(BinplaceCompiled)' != '') was evaluated as ('' != '').
Target "_Lib" skipped, due to false condition; ('$(LibCompiled)' == 'true') was evaluated as ('' == 'true').
Target "BinplaceCompiled" skipped, due to false condition; ('@(BinplaceCompiled)' != '') was evaluated as ('' != '').
Target "AfterBuildCompileEvent" in file "C:\Program Files (x86)\MSBuild\Microsoft.Cpp\v4.0\V110\Microsoft.CppBuild.targets" from project "D:\work\dcp\HdmiCard\HdmiCard.vcxproj" (target "_BuildCompileAction" depends on it):
Done building target "AfterBuildCompileEvent" in project "HdmiCard.vcxproj".
Target "_BuildCompileAction" in file "C:\Program Files (x86)\MSBuild\Microsoft.Cpp\v4.0\V110\Microsoft.CppBuild.targets" from project "D:\work\dcp\HdmiCard\HdmiCard.vcxproj" (target "BuildCompile" depends on it):
Done building target "_BuildCompileAction" in project "HdmiCard.vcxproj".
Target "BuildCompile" in file "C:\Windows\Microsoft.NET\Framework\v4.0.30319\Microsoft.Common.Targets" from project "D:\work\dcp\HdmiCard\HdmiCard.vcxproj" (target "Build" depends on it):
Done building target "BuildCompile" in project "HdmiCard.vcxproj".
Target "AssignProjectConfiguration" skipped, due to false condition; ('$(CurrentSolutionConfigurationContents)' != '' or '@(ProjectReference)'!='') was evaluated as ('' != '' or ''!='').
Target "_SplitProjectReferencesByFileExistence" skipped. Previously built successfully.
Target "BuildLinkTraverse" in file "C:\Windows\Microsoft.NET\Framework\v4.0.30319\Microsoft.Common.Targets" from project "D:\work\dcp\HdmiCard\HdmiCard.vcxproj" (target "BuildLink" depends on it):
Task "MSBuild" skipped, due to false condition; ('$(BuildPassReferences)' == 'true' and '@(ProjectReferenceWithConfiguration)' != '' and '@(_MSBuildProjectReferenceExistent)' != ''  and '%(_MSBuildProjectReferenceExistent.BuildReference)' == 'true') was evaluated as ('' == 'true' and '' != '' and '' != ''  and '' == 'true').
Done building target "BuildLinkTraverse" in project "HdmiCard.vcxproj".
Target "PrepareForBuild" skipped. Previously built successfully.
Target "ResolveReferences" skipped. Previously built successfully.
Target "ComputeLegacyManifestEmbedding" skipped, due to false condition; ('$(LegacyManifestEmbedding)' != 'true') was evaluated as ('true' != 'true').
Target "BeforeLink" in file "C:\Program Files (x86)\MSBuild\Microsoft.Cpp\v4.0\V110\Microsoft.CppBuild.targets" from project "D:\work\dcp\HdmiCard\HdmiCard.vcxproj" (target "_Link" depends on it):
Done building target "BeforeLink" in project "HdmiCard.vcxproj".
Target "ComputeMASMOutput" skipped, due to false condition; ('@(MASM)' != '') was evaluated as ('' != '').
Target "ComputeRCOutputs" in file "C:\Program Files (x86)\MSBuild\Microsoft.Cpp\v4.0\V110\Microsoft.CppBuild.targets" from project "D:\work\dcp\HdmiCard\HdmiCard.vcxproj" (target "ComputeRCGeneratedLinkInputs" depends on it):
Done building target "ComputeRCOutputs" in project "HdmiCard.vcxproj".
Target "ComputeRCGeneratedLinkInputs" in file "C:\Program Files (x86)\MSBuild\Microsoft.Cpp\v4.0\V110\Microsoft.CppBuild.targets" from project "D:\work\dcp\HdmiCard\HdmiCard.vcxproj" (target "_Link" depends on it):
Done building target "ComputeRCGeneratedLinkInputs" in project "HdmiCard.vcxproj".
Target "ComputeManifestGeneratedLinkerInputs" in file "C:\Program Files (x86)\MSBuild\Microsoft.Cpp\v4.0\V110\Microsoft.CppBuild.targets" from project "D:\work\dcp\HdmiCard\HdmiCard.vcxproj" (target "_Link" depends on it):
Done building target "ComputeManifestGeneratedLinkerInputs" in project "HdmiCard.vcxproj".
Target "ComputeCustomBuildOutput" in file "C:\Program Files (x86)\MSBuild\Microsoft.Cpp\v4.0\V110\Microsoft.CppBuild.targets" from project "D:\work\dcp\HdmiCard\HdmiCard.vcxproj" (target "_Link" depends on it):
Task "CreateItem" skipped, due to false condition; ('%(CustomBuildDirsToMake.OutputFileToTool)'!='') was evaluated as (''!='').
Task "MakeDir"
Done executing task "MakeDir".
Done building target "ComputeCustomBuildOutput" in project "HdmiCard.vcxproj".
Target "ComputeMIDLGeneratedCompileInputs" skipped. Previously built successfully.
Target "ComputeCLInputPDBName" skipped. Previously built successfully.
Target "ComputeReferenceCLInput" skipped. Previously built successfully.
Target "ComputeCLOutputs" in file "C:\Program Files (x86)\MSBuild\Microsoft.Cpp\v4.0\V110\Microsoft.CppBuild.targets" from project "D:\work\dcp\HdmiCard\HdmiCard.vcxproj" (target "ComputeCLGeneratedLinkInputs" depends on it):
Done building target "ComputeCLOutputs" in project "HdmiCard.vcxproj".
Target "ComputeCLGeneratedLinkInputs" in file "C:\Program Files (x86)\MSBuild\Microsoft.Cpp\v4.0\V110\Microsoft.CppBuild.targets" from project "D:\work\dcp\HdmiCard\HdmiCard.vcxproj" (target "_Link" depends on it):
Done building target "ComputeCLGeneratedLinkInputs" in project "HdmiCard.vcxproj".
Target "ComputeLinkInputsFromProject" in file "C:\Program Files (x86)\MSBuild\Microsoft.Cpp\v4.0\V110\Microsoft.CppBuild.targets" from project "D:\work\dcp\HdmiCard\HdmiCard.vcxproj" (target "_Link" depends on it):
Done building target "ComputeLinkInputsFromProject" in project "HdmiCard.vcxproj".
Target "ComputeReferenceLinkInputs" skipped, due to false condition; (@(ProjectReference) != '') was evaluated as ( != '').
Target "ComputeManifestInputsTargets" in file "C:\Program Files (x86)\MSBuild\Microsoft.Cpp\v4.0\V110\Microsoft.CppBuild.targets" from project "D:\work\dcp\HdmiCard\HdmiCard.vcxproj" (target "_Link" depends on it):
Done building target "ComputeManifestInputsTargets" in project "HdmiCard.vcxproj".
Target "ManifestResourceCompile" skipped, due to false condition; ('$(EmbedManifestBy)' == 'LINK' and '@(Manifest)' != '') was evaluated as ('' == 'LINK' and '' != '').
Target "AssignWinFXEmbeddedResource" skipped, due to false condition; ('@(WinFXEmbeddedResource)' != '') was evaluated as ('' != '').
Target "AssignTargetPaths" in file "C:\Windows\Microsoft.NET\Framework\v4.0.30319\Microsoft.Common.Targets" from project "D:\work\dcp\HdmiCard\HdmiCard.vcxproj" (target "PrepareResourceNames" depends on it):
Using "AssignTargetPath" task from assembly "Microsoft.Build.Tasks.v4.0, Version=4.0.0.0, Culture=neutral, PublicKeyToken=b03f5f7f11d50a3a".
Task "AssignTargetPath"
Done executing task "AssignTargetPath".
Task "AssignTargetPath"
Done executing task "AssignTargetPath".
Task "AssignTargetPath"
Done executing task "AssignTargetPath".
Task "AssignTargetPath"
Done executing task "AssignTargetPath".
Task "AssignTargetPath" skipped, due to false condition; ('@(_DeploymentBaseManifestWithTargetPath)'=='' and '%(None.Extension)'=='.manifest') was evaluated as (''=='' and ''=='.manifest').
Done building target "AssignTargetPaths" in project "HdmiCard.vcxproj".
Target "AssignTargetPaths" skipped. Previously built successfully.
Target "SplitResourcesByCulture" in file "C:\Windows\Microsoft.NET\Framework\v4.0.30319\Microsoft.Common.Targets" from project "D:\work\dcp\HdmiCard\HdmiCard.vcxproj" (target "PrepareResourceNames" depends on it):
Task "Warning" skipped, due to false condition; ('@(ResxWithNoCulture)'!='') was evaluated as (''!='').
Task "Warning" skipped, due to false condition; ('@(ResxWithCulture)'!='') was evaluated as (''!='').
Task "Warning" skipped, due to false condition; ('@(NonResxWithCulture)'!='') was evaluated as (''!='').
Task "Warning" skipped, due to false condition; ('@(NonResxWithNoCulture)'!='') was evaluated as (''!='').
Using "AssignCulture" task from assembly "Microsoft.Build.Tasks.v4.0, Version=4.0.0.0, Culture=neutral, PublicKeyToken=b03f5f7f11d50a3a".
Task "AssignCulture"
Done executing task "AssignCulture".
Done building target "SplitResourcesByCulture" in project "HdmiCard.vcxproj".
Target "CreateManifestResourceNames" skipped, due to false condition; ('@(EmbeddedResource)' != '') was evaluated as ('' != '').
Target "CreateCustomManifestResourceNames" in file "C:\Windows\Microsoft.NET\Framework\v4.0.30319\Microsoft.Common.Targets" from project "D:\work\dcp\HdmiCard\HdmiCard.vcxproj" (target "PrepareResourceNames" depends on it):
Done building target "CreateCustomManifestResourceNames" in project "HdmiCard.vcxproj".
Target "PrepareResourceNames" in file "C:\Windows\Microsoft.NET\Framework\v4.0.30319\Microsoft.Common.Targets" from project "D:\work\dcp\HdmiCard\HdmiCard.vcxproj" (target "_Link" depends on it):
Done building target "PrepareResourceNames" in project "HdmiCard.vcxproj".
Target "MakeDirsForLink" in file "C:\Program Files (x86)\MSBuild\Microsoft.Cpp\v4.0\V110\Microsoft.CppBuild.targets" from project "D:\work\dcp\HdmiCard\HdmiCard.vcxproj" (target "_Link" depends on it):
Task "MakeDir"
Done executing task "MakeDir".
Done building target "MakeDirsForLink" in project "HdmiCard.vcxproj".
Target "DoLinkOutputFilesMatch" in file "C:\Program Files (x86)\MSBuild\Microsoft.Cpp\v4.0\V110\Microsoft.CppBuild.targets" from project "D:\work\dcp\HdmiCard\HdmiCard.vcxproj" (target "_Link" depends on it):
Task "VCMessage" skipped, due to false condition; ('@(_OutputFileFromLink)' == '') was evaluated as ('Win7Release\x64\HdmiCard.sys' == '').
Task "VCMessage" skipped, due to false condition; ('@(_OutputFileFromLink)' != '' and '%(_OutputFileFromLink.FullPath)' != '$([System.IO.Path]::GetFullPath($(TargetPath)))') was evaluated as ('Win7Release\x64\HdmiCard.sys' != '' and 'D:\work\dcp\HdmiCard\Win7Release\x64\HdmiCard.sys' != 'D:\work\dcp\HdmiCard\Win7Release\x64\HdmiCard.sys').
Task "VCMessage" skipped, due to false condition; ('@(_OutputFileFromLink)' != '' and '%(_OutputFileFromLink.Extension)' != '$(TargetExt)') was evaluated as ('Win7Release\x64\HdmiCard.sys' != '' and '.sys' != '.sys').
Task "VCMessage" skipped, due to false condition; ('@(_OutputFileFromLink)' != '' and '%(_OutputFileFromLink.Filename)' != '$(TargetName)') was evaluated as ('Win7Release\x64\HdmiCard.sys' != '' and 'HdmiCard' != 'HdmiCard').
Done building target "DoLinkOutputFilesMatch" in project "HdmiCard.vcxproj".
Target "PreLinkEvent" in file "C:\Program Files (x86)\MSBuild\Microsoft.Cpp\v4.0\V110\Microsoft.CppCommon.targets" from project "D:\work\dcp\HdmiCard\HdmiCard.vcxproj" (target "_Link" depends on it):
Task "Message" skipped, due to false condition; ('%(PreLinkEvent.Message)' != '' and '%(PreLinkEvent.Command)' != '') was evaluated as ('' != '' and '' != '').
Task "Exec" skipped, due to false condition; ('%(PreLinkEvent.Command)' != '') was evaluated as ('' != '').
Done building target "PreLinkEvent" in project "HdmiCard.vcxproj".
Target "ComputeLinkSwitches" in file "C:\Program Files (x86)\MSBuild\Microsoft.Cpp\v4.0\V110\Microsoft.CppCommon.targets" from project "D:\work\dcp\HdmiCard\HdmiCard.vcxproj" (target "Link" depends on it):
Done building target "ComputeLinkSwitches" in project "HdmiCard.vcxproj".
Target "SetLinkLibraryPaths" in file "C:\Program Files (x86)\Windows Kits\8.0\build\WindowsDriver8.0.common.targets" from project "D:\work\dcp\HdmiCard\HdmiCard.vcxproj" (target "Link" depends on it):
Done building target "SetLinkLibraryPaths" in project "HdmiCard.vcxproj".
Target "Link" in file "C:\Program Files (x86)\MSBuild\Microsoft.Cpp\v4.0\V110\Microsoft.CppCommon.targets" from project "D:\work\dcp\HdmiCard\HdmiCard.vcxproj" (target "_Link" depends on it):
Using "Link" task from assembly "Microsoft.Build.CppTasks.Common.v110, Version=4.0.0.0, Culture=neutral, PublicKeyToken=b03f5f7f11d50a3a".
Task "Link"
  C:\Program Files (x86)\Windows Kits\8.0\TOOLS\SDV\\bin\interceptor\link.exe /ERRORREPORT:QUEUE /OUT:"Win7Release\x64\HdmiCard.sys" /VERSION:"6.2" /INCREMENTAL:NO /NOLOGO /WX /FUNCTIONPADMIN:6 /SECTION:"INIT,d" "c:\program files (x86)\windows kits\8.0\lib\win7\km\x64\ntstrsafe.lib" "C:\Program Files (x86)\Windows Kits\8.0\lib\win7\KM\x64\hotpatch.obj" "C:\Program Files (x86)\Windows Kits\8.0\lib\win7\KM\x64\BufferOverflowK.lib" "C:\Program Files (x86)\Windows Kits\8.0\lib\win7\KM\x64\ntoskrnl.lib" "C:\Program Files (x86)\Windows Kits\8.0\lib\win7\KM\x64\hal.lib" "C:\Program Files (x86)\Windows Kits\8.0\lib\win7\KM\x64\wmilib.lib" "C:\Program Files (x86)\Windows Kits\8.0\lib\wdf\kmdf\x64\1.11\WdfLdr.lib" "C:\Program Files (x86)\Windows Kits\8.0\lib\wdf\kmdf\x64\1.11\WdfDriverEntry.lib" /NODEFAULTLIB /MANIFEST:NO /DEBUG /PDB:"Win7Release\x64\HdmiCard.pdb" /SUBSYSTEM:NATIVE,"6.01" /Driver /OPT:REF /OPT:ICF /ENTRY:"FxDriverEntry" /RELEASE /IMPLIB:"Win7Release\x64\HdmiCard.lib" /MERGE:"_TEXT=.text;_PAGE=PAGE" /MACHINE:X64 /kernel /IGNORE:4198,4010,4037,4039,4065,4070,4078,4087,4089,4221,4108,4088,4218,4218,4235 /osversion:6.2 /pdbcompress /debugtype:pdata  Win7Release\x64\hdmicard.res
  Win7Release\x64\hdmicard.obj
  Win7Release\x64\init.obj
  Win7Release\x64\isrdpc.obj
  Win7Release\x64\write.obj
  Win7Release\x64\devicectr.obj
  Win7Release\x64\precomp_src.obj
Done executing task "Link".
Task "Message"
  HdmiCard.vcxproj -> D:\work\dcp\HdmiCard\Win7Release\x64\HdmiCard.sys
Done executing task "Message".
Done building target "Link" in project "HdmiCard.vcxproj".
Target "MetaGenInputsOutputs" skipped, due to false condition; ('$(EnableManagedIncrementalBuild)' == 'True') was evaluated as ('false' == 'True').
Target "ComputeMetaGenInputs" skipped, due to false condition; ('$(CLRSupport)'!='' and '$(CLRSupport)'!='false') was evaluated as ('false'!='' and 'false'!='false').
Target "MetaGen" skipped, due to false condition; ('@(MetaGen)' != '') was evaluated as ('' != '').
Target "ComputeLinkImportLibraryOutputsForClean" in file "C:\Program Files (x86)\MSBuild\Microsoft.Cpp\v4.0\V110\Microsoft.CppBuild.targets" from project "D:\work\dcp\HdmiCard\HdmiCard.vcxproj" (target "_Link" depends on it):
Task "WriteLinesToFile" skipped, due to false condition; ('@(_LinkImportLibrary)' != '') was evaluated as ('' != '').
Done building target "ComputeLinkImportLibraryOutputsForClean" in project "HdmiCard.vcxproj".
Target "AfterLink" in file "C:\Program Files (x86)\MSBuild\Microsoft.Cpp\v4.0\V110\Microsoft.CppBuild.targets" from project "D:\work\dcp\HdmiCard\HdmiCard.vcxproj" (target "_Link" depends on it):
Done building target "AfterLink" in project "HdmiCard.vcxproj".
Target "Inf2Cat" skipped, due to false condition; ('@(Inf2Cat)' != '' and '$(EnableInf2cat)'  == 'true' and ('$(DriverType)' == 'Package')) was evaluated as ('Win7Release\x64\' != '' and ''  == 'true' and ('KMDF' == 'Package')).
Target "DriverPackageTarget" skipped, due to false condition; ('$(DriverType)' == 'Package') was evaluated as ('KMDF' == 'Package').
Target "CheckForCoinstallers" skipped, due to false condition; (('$(DriverType)' == 'Package') and ('$(EnableInf2cat)' == 'true')) was evaluated as (('KMDF' == 'Package') and ('' == 'true')).
Target "_Link" in file "C:\Program Files (x86)\MSBuild\Microsoft.Cpp\v4.0\V110\Microsoft.CppBuild.targets" from project "D:\work\dcp\HdmiCard\HdmiCard.vcxproj" (target "_BuildLinkAction" depends on it):
Done building target "_Link" in project "HdmiCard.vcxproj".
Target "_ALink" in file "C:\Program Files (x86)\MSBuild\Microsoft.Cpp\v4.0\V110\Microsoft.CppBuild.targets" from project "D:\work\dcp\HdmiCard\HdmiCard.vcxproj" (target "_BuildLinkAction" depends on it):
Done building target "_ALink" in project "HdmiCard.vcxproj".
Target "ComputeLegacyManifestEmbedding" skipped, due to false condition; ('$(LegacyManifestEmbedding)' != 'true') was evaluated as ('true' != 'true').
Target "_Manifest" in file "C:\Program Files (x86)\MSBuild\Microsoft.Cpp\v4.0\V110\Microsoft.CppBuild.targets" from project "D:\work\dcp\HdmiCard\HdmiCard.vcxproj" (target "_BuildLinkAction" depends on it):
Using "CallTarget" task from assembly "Microsoft.Build.Tasks.v4.0, Version=4.0.0.0, Culture=neutral, PublicKeyToken=b03f5f7f11d50a3a".
Task "CallTarget"
Done executing task "CallTarget".
Done building target "_Manifest" in project "HdmiCard.vcxproj".
Target "RegisterOutput" skipped, due to false condition; ('$(EmbedManifest)'=='true' and '$(LinkSkippedExecution)' != 'true' and ('$(_IsNativeEnvironment)' == 'true' or '$(Platform)' == 'Win32')) was evaluated as ('true'=='true' and 'False' != 'true' and ('' == 'true' or 'x64' == 'Win32')).
Target "PrepareForBuild" skipped. Previously built successfully.
Target "ResolveReferences" skipped. Previously built successfully.
Target "ResolvedXDCMake" in file "C:\Program Files (x86)\MSBuild\Microsoft.Cpp\v4.0\V110\Microsoft.CppBuild.targets" from project "D:\work\dcp\HdmiCard\HdmiCard.vcxproj" (target "_XdcMake" depends on it):
Task "MSBuild" skipped, due to false condition; ('%(_MSBuildProjectReferenceExistent.Extension)' == '.vcxproj' and '@(ProjectReferenceWithConfiguration)' != '' and '@(_MSBuildProjectReferenceExistent)' != '' and '$(_ClCompileGenerateXMLDocumentationFiles)' == 'true') was evaluated as ('' == '.vcxproj' and '' != '' and '' != '' and '' == 'true').
Done building target "ResolvedXDCMake" in project "HdmiCard.vcxproj".
Target "ComputeCLCompileGeneratedXDCFiles" in file "C:\Program Files (x86)\MSBuild\Microsoft.Cpp\v4.0\V110\Microsoft.CppBuild.targets" from project "D:\work\dcp\HdmiCard\HdmiCard.vcxproj" (target "_XdcMake" depends on it):
Done building target "ComputeCLCompileGeneratedXDCFiles" in project "HdmiCard.vcxproj".
Target "MakeDirsForXdcMake" in file "C:\Program Files (x86)\MSBuild\Microsoft.Cpp\v4.0\V110\Microsoft.CppBuild.targets" from project "D:\work\dcp\HdmiCard\HdmiCard.vcxproj" (target "_XdcMake" depends on it):
Task "MakeDir"
Done executing task "MakeDir".
Done building target "MakeDirsForXdcMake" in project "HdmiCard.vcxproj".
Target "XdcMake" skipped, due to false condition; ('@(XdcMake)' != '') was evaluated as ('' != '').
Target "_XdcMake" in file "C:\Program Files (x86)\MSBuild\Microsoft.Cpp\v4.0\V110\Microsoft.CppBuild.targets" from project "D:\work\dcp\HdmiCard\HdmiCard.vcxproj" (target "_BuildLinkAction" depends on it):
Done building target "_XdcMake" in project "HdmiCard.vcxproj".
Target "ComputeCLCompileGeneratedSbrFiles" in file "C:\Program Files (x86)\MSBuild\Microsoft.Cpp\v4.0\V110\Microsoft.CppBuild.targets" from project "D:\work\dcp\HdmiCard\HdmiCard.vcxproj" (target "_BscMake" depends on it):
Done building target "ComputeCLCompileGeneratedSbrFiles" in project "HdmiCard.vcxproj".
Target "MakeDirsForBscMake" in file "C:\Program Files (x86)\MSBuild\Microsoft.Cpp\v4.0\V110\Microsoft.CppBuild.targets" from project "D:\work\dcp\HdmiCard\HdmiCard.vcxproj" (target "_BscMake" depends on it):
Task "MakeDir"
Done executing task "MakeDir".
Done building target "MakeDirsForBscMake" in project "HdmiCard.vcxproj".
Target "BscMake" skipped, due to false condition; ('@(BscMake)' != '') was evaluated as ('' != '').
Target "CustomBuildStep" skipped, due to false condition; ('@(CustomBuildStep)' != '' and '$(SelectedFiles)'=='') was evaluated as ('' != '' and ''=='').
Target "_BscMake" in file "C:\Program Files (x86)\MSBuild\Microsoft.Cpp\v4.0\V110\Microsoft.CppBuild.targets" from project "D:\work\dcp\HdmiCard\HdmiCard.vcxproj" (target "_BuildLinkAction" depends on it):
Done building target "_BscMake" in project "HdmiCard.vcxproj".
Target "RunMergeNativeCodeAnalysis" skipped, due to false condition; ('$(Language)'=='C++' and '$(RunCodeAnalysisOnThisProject)'=='true') was evaluated as ('C++'=='C++' and ''=='true').
Target "Telemetry" in file "C:\Program Files (x86)\Windows Kits\8.0\build\WindowsDriver8.0.common.targets" from project "D:\work\dcp\HdmiCard\HdmiCard.vcxproj" (target "_BuildLinkAction" depends on it):
Using "Telemetry" task from assembly "C:\Program Files (x86)\Windows Kits\8.0\bin\Microsoft.DriverKit.Build.Tasks.dll".
Task "Telemetry"
Done executing task "Telemetry".
Done building target "Telemetry" in project "HdmiCard.vcxproj".
Target "DriverTestSign" skipped, due to false condition; (('$(SignMode)' == 'TestSign')) was evaluated as (('' == 'TestSign')).
Target "Inf2Cat" skipped, due to false condition; ('@(Inf2Cat)' != '' and '$(EnableInf2cat)'  == 'true' and ('$(DriverType)' == 'Package')) was evaluated as ('Win7Release\x64\' != '' and ''  == 'true' and ('KMDF' == 'Package')).
Target "DriverPackageTarget" skipped, due to false condition; ('$(DriverType)' == 'Package') was evaluated as ('KMDF' == 'Package').
Target "CheckForCoinstallers" skipped, due to false condition; (('$(DriverType)' == 'Package') and ('$(EnableInf2cat)' == 'true')) was evaluated as (('KMDF' == 'Package') and ('' == 'true')).
Target "BinplaceLinked" skipped, due to false condition; ('@(BinplaceLinked)' != '') was evaluated as ('' != '').
Target "DriverProductionSign" skipped, due to false condition; (('$(SignMode)' == 'ProductionSign')) was evaluated as (('' == 'ProductionSign')).
Target "Inf2Cat" skipped, due to false condition; ('@(Inf2Cat)' != '' and '$(EnableInf2cat)'  == 'true' and ('$(DriverType)' == 'Package')) was evaluated as ('Win7Release\x64\' != '' and ''  == 'true' and ('KMDF' == 'Package')).
Target "DriverPackageTarget" skipped, due to false condition; ('$(DriverType)' == 'Package') was evaluated as ('KMDF' == 'Package').
Target "CheckForCoinstallers" skipped, due to false condition; (('$(DriverType)' == 'Package') and ('$(EnableInf2cat)' == 'true')) was evaluated as (('KMDF' == 'Package') and ('' == 'true')).
Target "BinplaceLinked" skipped, due to false condition; ('@(BinplaceLinked)' != '') was evaluated as ('' != '').
Target "RunNativeCodeAnalysis" skipped, due to false condition; ('$(Language)'=='C++' and '$(RunCodeAnalysisOnThisProject)'=='true') was evaluated as ('C++'=='C++' and ''=='true').
Target "_GenerateSatelliteAssemblyInputs" in file "C:\Windows\Microsoft.NET\Framework\v4.0.30319\Microsoft.Common.Targets" from project "D:\work\dcp\HdmiCard\HdmiCard.vcxproj" (target "CreateSatelliteAssemblies" depends on it):
Task "Warning" skipped, due to false condition; ('@(ManifestResourceWithCulture)'!='' and '%(ManifestResourceWithCulture.EmittedForCompatibilityOnly)'=='') was evaluated as (''!='' and ''=='').
Task "Warning" skipped, due to false condition; ('@(ManifestNonResxWithCultureOnDisk)'!='' and '%(ManifestNonResxWithCultureOnDisk.EmittedForCompatibilityOnly)'=='') was evaluated as (''!='' and ''=='').
Done building target "_GenerateSatelliteAssemblyInputs" in project "HdmiCard.vcxproj".
Target "ComputeIntermediateSatelliteAssemblies" skipped, due to false condition; (@(ReferenceSatellitePaths->'%(DestinationSubDirectory)') != '') was evaluated as ( != '').
Target "GenerateSatelliteAssemblies" skipped, due to false condition; ('@(_SatelliteAssemblyResourceInputs)' != '') was evaluated as ('' != '').
Target "CreateSatelliteAssemblies" in file "C:\Windows\Microsoft.NET\Framework\v4.0.30319\Microsoft.Common.Targets" from project "D:\work\dcp\HdmiCard\HdmiCard.vcxproj" (target "_BuildLinkAction" depends on it):
Done building target "CreateSatelliteAssemblies" in project "HdmiCard.vcxproj".
Target "_Appverifier" in file "C:\Program Files (x86)\MSBuild\Microsoft.Cpp\v4.0\V110\Microsoft.CppBuild.targets" from project "D:\work\dcp\HdmiCard\HdmiCard.vcxproj" (target "_BuildLinkAction" depends on it):
Done building target "_Appverifier" in project "HdmiCard.vcxproj".
Target "_Deploy" in file "C:\Program Files (x86)\MSBuild\Microsoft.Cpp\v4.0\V110\Microsoft.CppBuild.targets" from project "D:\work\dcp\HdmiCard\HdmiCard.vcxproj" (target "_BuildLinkAction" depends on it):
Done building target "_Deploy" in project "HdmiCard.vcxproj".
Target "ComputeIntermediateSatelliteAssemblies" skipped, due to false condition; (@(ReferenceSatellitePaths->'%(DestinationSubDirectory)') != '') was evaluated as ( != '').
Target "_CopyFilesMarkedCopyLocal" skipped, due to false condition; ('@(ReferenceCopyLocalPaths)' != '') was evaluated as ('' != '').
Target "AssignTargetPaths" skipped. Previously built successfully.
Target "_SplitProjectReferencesByFileExistence" skipped. Previously built successfully.
Target "GetCopyToOutputDirectoryXamlAppDefs" in file "C:\Windows\Microsoft.NET\Framework\v4.0.30319\Microsoft.Xaml.targets" from project "D:\work\dcp\HdmiCard\HdmiCard.vcxproj" (target "GetCopyToOutputDirectoryItems" depends on it):
Task "AssignTargetPath"
Done executing task "AssignTargetPath".
Done building target "GetCopyToOutputDirectoryXamlAppDefs" in project "HdmiCard.vcxproj".
Target "GetCopyToOutputDirectoryItems" in file "C:\Windows\Microsoft.NET\Framework\v4.0.30319\Microsoft.Common.Targets" from project "D:\work\dcp\HdmiCard\HdmiCard.vcxproj" (target "_CopySourceItemsToOutputDirectory" depends on it):
Task "MSBuild" skipped, due to false condition; ('@(_MSBuildProjectReferenceExistent)' != '' and '$(_GetChildProjectCopyToOutputDirectoryItems)' == 'true' and '%(_MSBuildProjectReferenceExistent.Private)' != 'false' and '$(UseCommonOutputDirectory)' != 'true') was evaluated as ('' != '' and 'true' == 'true' and '' != 'false' and 'false' != 'true').
Task "AssignTargetPath"
Done executing task "AssignTargetPath".
Done building target "GetCopyToOutputDirectoryItems" in project "HdmiCard.vcxproj".
Target "_CopyOutOfDateSourceItemsToOutputDirectory" skipped, due to false condition; ( '@(_SourceItemsToCopyToOutputDirectory)' != '' ) was evaluated as ( '' != '' ).
Target "_CopyOutOfDateSourceItemsToOutputDirectoryAlways" skipped, due to false condition; ( '@(_SourceItemsToCopyToOutputDirectoryAlways)' != '' ) was evaluated as ( '' != '' ).
Target "_CopySourceItemsToOutputDirectory" in file "C:\Windows\Microsoft.NET\Framework\v4.0.30319\Microsoft.Common.Targets" from project "D:\work\dcp\HdmiCard\HdmiCard.vcxproj" (target "CopyFilesToOutputDirectory" depends on it):
Done building target "_CopySourceItemsToOutputDirectory" in project "HdmiCard.vcxproj".
Target "_CopyAppConfigFile" skipped, due to false condition; ( '@(AppConfigWithTargetPath)' != '' ) was evaluated as ( '' != '' ).
Target "_CopyManifestFiles" skipped, due to false condition; ( '$(_DeploymentCopyApplicationManifest)'=='true' or '$(GenerateClickOnceManifests)'=='true' ) was evaluated as ( ''=='true' or ''=='true' ).
Target "_CheckForCompileOutputs" in file "C:\Windows\Microsoft.NET\Framework\v4.0.30319\Microsoft.Common.Targets" from project "D:\work\dcp\HdmiCard\HdmiCard.vcxproj" (target "CopyFilesToOutputDirectory" depends on it):
Done building target "_CheckForCompileOutputs" in project "HdmiCard.vcxproj".
Target "_SGenCheckForOutputs" skipped, due to false condition; ('$(_SGenGenerateSerializationAssembliesConfig)' == 'On' or ('@(WebReferenceUrl)'!='' and '$(_SGenGenerateSerializationAssembliesConfig)' == 'Auto')) was evaluated as ('Auto' == 'On' or (''!='' and 'Auto' == 'Auto')).
Target "CopyFilesToOutputDirectory" in file "C:\Windows\Microsoft.NET\Framework\v4.0.30319\Microsoft.Common.Targets" from project "D:\work\dcp\HdmiCard\HdmiCard.vcxproj" (target "PrepareForRun" depends on it):
Task "Copy" skipped, due to false condition; ('$(CopyBuildOutputToOutputDirectory)' == 'true' and '$(SkipCopyBuildProduct)' != 'true') was evaluated as ('true' == 'true' and 'true' != 'true').
Task "Message" skipped, due to false condition; ('$(CopyBuildOutputToOutputDirectory)' == 'true' and '$(SkipCopyBuildProduct)'!='true') was evaluated as ('true' == 'true' and 'true'!='true').
Task "Copy" skipped, due to false condition; ('@(AddModules)' != '') was evaluated as ('' != '').
Task "Copy" skipped, due to false condition; ('$(_SGenDllCreated)'=='true') was evaluated as ('false'=='true').
Task "Copy" skipped, due to false condition; ('$(_DebugSymbolsProduced)'=='true' and '$(SkipCopyingSymbolsToOutputDirectory)' != 'true' and '$(CopyOutputSymbolsToOutputDirectory)'=='true') was evaluated as ('false'=='true' and '' != 'true' and 'true'=='true').
Task "Copy" skipped, due to false condition; ('$(_DocumentationFileProduced)'=='true') was evaluated as ('false'=='true').
Task "Copy" skipped, due to false condition; ('@(IntermediateSatelliteAssembliesWithTargetPath)' != '') was evaluated as ('' != '').
Task "Copy" skipped, due to false condition; ('@(ReferenceComWrappersToCopyLocal)' != '' or '@(ResolvedIsolatedComModules)' != '' or '@(_DeploymentLooseManifestFile)' != '' or '@(NativeReferenceFile)' != '' ) was evaluated as ('' != '' or '' != '' or '' != '' or '' != '' ).
Task "Copy" skipped, due to false condition; ('$(SkipCopyWinMDArtifact)' != 'true' and '@(WinMDExpArtifacts)' != '') was evaluated as ('' != 'true' and '' != '').
Task "Message" skipped, due to false condition; ('$(SkipCopyWinMDArtifact)' != 'true' and '$(_WindowsMetadataOutputPath)' != '') was evaluated as ('' != 'true' and '' != '').
Done building target "CopyFilesToOutputDirectory" in project "HdmiCard.vcxproj".
Target "PrepareForRun" in file "C:\Windows\Microsoft.NET\Framework\v4.0.30319\Microsoft.Common.Targets" from project "D:\work\dcp\HdmiCard\HdmiCard.vcxproj" (target "_BuildLinkAction" depends on it):
Done building target "PrepareForRun" in project "HdmiCard.vcxproj".
Target "CustomBuildStep" skipped, due to false condition; ('@(CustomBuildStep)' != '' and '$(SelectedFiles)'=='') was evaluated as ('' != '' and ''=='').
Target "PostBuildEvent" in file "C:\Program Files (x86)\MSBuild\Microsoft.Cpp\v4.0\V110\Microsoft.CppCommon.targets" from project "D:\work\dcp\HdmiCard\HdmiCard.vcxproj" (target "_BuildLinkAction" depends on it):
Task "Message" skipped, due to false condition; ('%(PostBuildEvent.Message)' != '' and '%(PostBuildEvent.Command)' != '') was evaluated as ('' != '' and '' != '').
Task "Exec" skipped, due to false condition; ('%(PostBuildEvent.Command)' != '') was evaluated as ('' != '').
Done building target "PostBuildEvent" in project "HdmiCard.vcxproj".
Target "_BuildLinkAction" in file "C:\Program Files (x86)\MSBuild\Microsoft.Cpp\v4.0\V110\Microsoft.CppBuild.targets" from project "D:\work\dcp\HdmiCard\HdmiCard.vcxproj" (target "BuildLink" depends on it):
Done building target "_BuildLinkAction" in project "HdmiCard.vcxproj".
Target "BuildLink" in file "C:\Windows\Microsoft.NET\Framework\v4.0.30319\Microsoft.Common.Targets" from project "D:\work\dcp\HdmiCard\HdmiCard.vcxproj" (target "Build" depends on it):
Done building target "BuildLink" in project "HdmiCard.vcxproj".
Target "AfterBuild" in file "C:\Program Files (x86)\MSBuild\Microsoft.Cpp\v4.0\V110\Microsoft.BuildSteps.Targets" from project "D:\work\dcp\HdmiCard\HdmiCard.vcxproj" (target "Build" depends on it):
Done building target "AfterBuild" in project "HdmiCard.vcxproj".
Target "Deploy" skipped, due to false condition; (('$(DriverType)' == 'Package') and ($(PlatformToolset.StartsWith('WindowsUserModeDriver')) or $(PlatformToolset.StartsWith('WindowsKernelModeDriver')))) was evaluated as (('KMDF' == 'Package') and (False or True)).
Target "DriverTestSign" skipped, due to false condition; (('$(SignMode)' == 'TestSign')) was evaluated as (('' == 'TestSign')).
Target "Inf2Cat" skipped, due to false condition; ('@(Inf2Cat)' != '' and '$(EnableInf2cat)'  == 'true' and ('$(DriverType)' == 'Package')) was evaluated as ('Win7Release\x64\' != '' and ''  == 'true' and ('KMDF' == 'Package')).
Target "DriverPackageTarget" skipped, due to false condition; ('$(DriverType)' == 'Package') was evaluated as ('KMDF' == 'Package').
Target "CheckForCoinstallers" skipped, due to false condition; (('$(DriverType)' == 'Package') and ('$(EnableInf2cat)' == 'true')) was evaluated as (('KMDF' == 'Package') and ('' == 'true')).
Target "BinplaceLinked" skipped, due to false condition; ('@(BinplaceLinked)' != '') was evaluated as ('' != '').
Target "DriverProductionSign" skipped, due to false condition; (('$(SignMode)' == 'ProductionSign')) was evaluated as (('' == 'ProductionSign')).
Target "Inf2Cat" skipped, due to false condition; ('@(Inf2Cat)' != '' and '$(EnableInf2cat)'  == 'true' and ('$(DriverType)' == 'Package')) was evaluated as ('Win7Release\x64\' != '' and ''  == 'true' and ('KMDF' == 'Package')).
Target "DriverPackageTarget" skipped, due to false condition; ('$(DriverType)' == 'Package') was evaluated as ('KMDF' == 'Package').
Target "CheckForCoinstallers" skipped, due to false condition; (('$(DriverType)' == 'Package') and ('$(EnableInf2cat)' == 'true')) was evaluated as (('KMDF' == 'Package') and ('' == 'true')).
Target "BinplaceLinked" skipped, due to false condition; ('@(BinplaceLinked)' != '') was evaluated as ('' != '').
Target "DriverPackageTarget" skipped, due to false condition; ('$(DriverType)' == 'Package') was evaluated as ('KMDF' == 'Package').
Target "CheckForCoinstallers" skipped, due to false condition; (('$(DriverType)' == 'Package') and ('$(EnableInf2cat)' == 'true')) was evaluated as (('KMDF' == 'Package') and ('' == 'true')).
Target "FinalizeBuildStatus" in file "C:\Program Files (x86)\MSBuild\Microsoft.Cpp\v4.0\V110\Microsoft.CppBuild.targets" from project "D:\work\dcp\HdmiCard\HdmiCard.vcxproj" (target "Build" depends on it):
Using "Delete" task from assembly "Microsoft.Build.Tasks.v4.0, Version=4.0.0.0, Culture=neutral, PublicKeyToken=b03f5f7f11d50a3a".
Task "Delete"
  Deleting file "Win7Release\x64\HdmiCard.unsuccessfulbuild".
Done executing task "Delete".
Task "Touch"
  Touching "Win7Release\x64\HdmiCard.lastbuildstate".
Done executing task "Touch".
Done building target "FinalizeBuildStatus" in project "HdmiCard.vcxproj".
Target "Build" in file "C:\Program Files (x86)\MSBuild\Microsoft.Cpp\v4.0\V110\Microsoft.BuildSteps.Targets" from project "D:\work\dcp\HdmiCard\HdmiCard.vcxproj" (entry point):
Done building target "Build" in project "HdmiCard.vcxproj".
Target "DriverPackageTarget" skipped, due to false condition; ('$(DriverType)' == 'Package') was evaluated as ('KMDF' == 'Package').
Target "CheckForCoinstallers" skipped, due to false condition; (('$(DriverType)' == 'Package') and ('$(EnableInf2cat)' == 'true')) was evaluated as (('KMDF' == 'Package') and ('' == 'true')).
Done Building Project "D:\work\dcp\HdmiCard\HdmiCard.vcxproj" (build target(s)).

Build succeeded.
    0 Warning(s)
    0 Error(s)

Time Elapsed 00:00:04.96
