Convert:	Verbose  : 2013/7/12 17:59:03
    ConvertFile:	Information  : Converting "D:\work\dcp\HdmiCard\sources"
        Parse  :	Verbose  : File contents after preprocessing:
                            	TARGETNAME=HdmiCard
                            	TARGETTYPE=DRIVER
                            	KMDF_VERSION_MAJOR=1
                            	INF_NAME=HdmiCard
                            	NTTARGETFILE0=$(OBJ_PATH)\$(O)\$(INF_NAME).inf
                            	PASS0_BINPLACE=$(NTTARGETFILE0)
                            	TARGETLIBS=$(TARGETLIBS)             $(DDK_LIB_PATH)\ntstrsafe.lib
                            	PRECOMPILED_INCLUDE=precomp.h
                            	PRECOMPILED_PCH=precomp.pch
                            	PRECOMPILED_OBJ=precomp.obj
                            	SOURCES= HdmiCard.rc            HdmiCard.c             Init.c                IsrDpc.c              Write.c      	 DeviceCtr.c
                            	RUN_WPP= $(SOURCES)                                       -km                                              -func:TraceEvents(LEVEL,FLAGS,MSG,...)           -gen:{km-WdfDefault.tpl}*.tmh
                            	TARGET_DESTINATION=wdf
                            	ALLOW_DATE_TIME=1
            ParseIfApplies:	Verbose  : "TARGETNAME=HdmiCard" was parsed as a"MacroDefinition"
            ParseIfApplies:	Verbose  : "TARGETTYPE=DRIVER" was parsed as a"MacroDefinition"
            ParseIfApplies:	Verbose  : "KMDF_VERSION_MAJOR=1" was parsed as a"MacroDefinition"
            ParseIfApplies:	Verbose  : "INF_NAME=HdmiCard" was parsed as a"MacroDefinition"
            ParseIfApplies:	Verbose  : "NTTARGETFILE0=$(OBJ_PATH)\$(O)\$(INF_NAME).inf" was parsed as a"MacroDefinition"
            ParseIfApplies:	Verbose  : "PASS0_BINPLACE=$(NTTARGETFILE0)" was parsed as a"MacroDefinition"
            ParseIfApplies:	Verbose  : "TARGETLIBS=$(TARGETLIBS)             $(DDK_LIB_PATH)\ntstrsafe.lib" was parsed as a"MacroDefinition"
            ParseIfApplies:	Verbose  : "PRECOMPILED_INCLUDE=precomp.h" was parsed as a"MacroDefinition"
            ParseIfApplies:	Verbose  : "PRECOMPILED_PCH=precomp.pch" was parsed as a"MacroDefinition"
            ParseIfApplies:	Verbose  : "PRECOMPILED_OBJ=precomp.obj" was parsed as a"MacroDefinition"
            ParseIfApplies:	Verbose  : "SOURCES= HdmiCard.rc            HdmiCard.c             Init.c                IsrDpc.c              Write.c      	 DeviceCtr.c" was parsed as a"MacroDefinition"
            ParseIfApplies:	Verbose  : "RUN_WPP= $(SOURCES)                                       -km                                              -func:TraceEvents(LEVEL,FLAGS,MSG,...)           -gen:{km-WdfDefault.tpl}*.tmh" was parsed as a"MacroDefinition"
            ParseIfApplies:	Verbose  : "TARGET_DESTINATION=wdf" was parsed as a"MacroDefinition"
            ParseIfApplies:	Verbose  : "ALLOW_DATE_TIME=1" was parsed as a"MacroDefinition"
        GenerateMsBuildFile:	Information  : Generated file "D:\work\dcp\HdmiCard\sources.props"
        ConvertFile        :	Information  : Converting "D:\work\dcp\HdmiCard\makefile.inc"
            Parse          :	Verbose  : File contents after preprocessing:
                                        	_LNG=$(LANGUAGE)
                                        	_INX=.
                                        	STAMP=stampinf -f %24%40 -a $(_BUILDARCH) -k $(KMDF_VERSION_MAJOR).$(KMDF_VERSION_MINOR)
                                        	$(OBJ_PATH)\$(O)\$(INF_NAME).inf: $(_INX)\$(INF_NAME).inx 
                                        	    copy $(_INX)\%24%28%40B%29.inx %24%40
                                        	    $(STAMP)
                ParseIfApplies:	Verbose  : "_LNG=$(LANGUAGE)" was parsed as a"MacroDefinition"
                ParseIfApplies:	Verbose  : "_INX=." was parsed as a"MacroDefinition"
                ParseIfApplies:	Verbose  : "STAMP=stampinf -f %24%40 -a $(_BUILDARCH) -k $(KMDF_VERSION_MAJOR).$(KMDF_VERSION_MINOR)" was parsed as a"MacroDefinition"
                StartProcessingHeader:	Verbose  : "$(OBJ_PATH)\$(O)\$(INF_NAME).inf: $(_INX)\$(INF_NAME).inx " was parsed as start of directive type "TargetDefinition"
                FinishProcesssing    :	Verbose  : Concluded parsing multi-line directive type "TargetDefinition" from definition:
                                                  	 $(OBJ_PATH)\$(O)\$(INF_NAME).inf: $(_INX)\$(INF_NAME).inx 
                                                  	    copy $(_INX)\%24%28%40B%29.inx %24%40
                                                  	    $(STAMP)
                ConvertTarget        :	Verbose  : Set BeforeTargets="$(BuildGenerateSourcesTargets)" for target "Converted Target 0"
                ConvertTarget        :	Verbose  : Generated MSBuildTarget "Converted Target 0" with inputs :
                                                  	$(_INX)\$(INF_NAME).inx
                                                  	
                                                  	
                ConvertTarget        :	Verbose  : Added commands to MSBuild Target "Converted Target 0" for output file "$(OBJ_PATH)\$(O)\$(INF_NAME).inf" with commands:
                                                  	copy $(_INX)\%24%28%40B%29.inx %24%40
                                                  	$(STAMP)
            GenerateMsBuildFile      :	Information  : Generated file "D:\work\dcp\HdmiCard\makefile.inc.props"
            IsPropertyElementSetConditionally:	Verbose  : Property DriverType is set conditionally. Immediate condition ="'$(PlatformToolset)'=='WindowsApplicationForDrivers8.0'". Conditional parent element = Microsoft.Build.Construction.ProjectPropertyGroupElement
        PostProcessing                       :	Verbose  : Extracted property "PlatformToolset" with a value of "WindowsKernelModeDriver8.0" from sources.
        PostProcessing                       :	Verbose  : Extracted property "ConfigurationType" with a value of "Driver" from sources.
        PostProcessing                       :	Verbose  : Extracted property "DriverType" with a value of "KMDF" from sources.
        PostProcessing                       :	Verbose  : Extracted property "TARGETNAME" with a value of "HdmiCard" from sources.
        PostProcessing                       :	Verbose  : VcxProj file copied to "HdmiCard.vcxproj"
        PostProcessing                       :	Verbose  : Added Project GUID: {4A81F303-3C9F-4A86-8782-296419448529}
        PostProcessing                       :	Information  : Generated Project File HdmiCard.vcxproj
        AddIDESupport                        :	Verbose  : Attempting to add propery page support for converted targets and macros in project D:\work\dcp\HdmiCard\HdmiCard.vcxproj
            CheckForWellKnownTargets         :	Verbose  : Attempting to find and convert nmake targets to well-known MSBuild items, as appropriate.
            CheckForWellKnownTargetMacros:	Verbose  : Attempting to find and convert nmake target macros to well-known MSBuild items, as appropriate.
        AddIDESupport                    :	Verbose  : Finished adding propery page support for converted targets and macros, changes saved to D:\work\dcp\HdmiCard\HdmiCard.vcxproj
        AddOverrideConditionsToProperies :	Verbose  : Appended override conditions to properties in file 'D:\work\dcp\HdmiCard\sources.props' and its imports
        AddOverrideConditionsToProperies :	Verbose  : Appended override conditions to properties in file 'D:\work\dcp\HdmiCard\makefile.inc.props' and its imports
GetDependencyInformation                 :	Information  : Checking for external project dependencies
GetDependencyInformation                 :	Verbose  : Processing the following list of primary projects
                                                      	D:\work\dcp\HdmiCard\HdmiCard.vcxproj
    AddPrerequisitesToSolution           :	Verbose  : Finding prerequisites for D:\work\dcp\HdmiCard\HdmiCard.vcxproj
        GetPrerequisiteProjects          :	Verbose  : Scanning for prerequisites for project D:\work\dcp\HdmiCard\HdmiCard.vcxproj
        EvaluateProject                  :	Verbose  : $(O) set to 3ed2f630-fc64-4f39-b17d-81d09bdc0bd0
        ExtractIncludesFromItem          :	Verbose  : Extracting include elements from all items of type ClCompile
        ExtractIncludesFromItem         :	Verbose  : Extracting include elements from all items of type MessageCompile
        ExtractIncludesFromItem         :	Verbose  : Didn't find any items of type MessageCompile in project D:\work\dcp\HdmiCard\HdmiCard.vcxproj
        ExtractIncludesFromItem         :	Verbose  : Extracting include elements from all items of type Midl
        ExtractIncludesFromItem:	Verbose  : Didn't find any items of type Midl in project D:\work\dcp\HdmiCard\HdmiCard.vcxproj
        ExtractIncludesFromItem:	Verbose  : Extracting include elements from all items of type ResourceCompile
        ExtractIncludesFromItem:	Verbose  : Didn't find any items of type ResourceCompile in project D:\work\dcp\HdmiCard\HdmiCard.vcxproj
        ExtractIncludesFromItemMetadata:	Verbose  : Extracting include elements from metadata AdditionalDependencies on item type Link, using splitter ;
        ExtractIncludesFromItemMetadata:	Verbose  : Extracting include elements from metadata AdditionalIncludeDirectories on item type ClCompile, using splitter ;
        ExtractIncludesFromItemMetadata:	Information  : Didn't find metadata AdditionalIncludeDirectories on item ClCompile in proj
                                                        	ect D:\work\dcp\HdmiCard\HdmiCard.vcxproj
        GetPrerequisiteProjects        :	Verbose  : No prerequisite projects found for project D:\work\dcp\HdmiCard\HdmiCard.vcxproj
    AddPrerequisitesToSolution         :	Verbose  : Project D:\work\dcp\HdmiCard\HdmiCard.vcxproj had no prerequisites, adding to solution
GetDependencyInformation               :	Information  : The primary project collection does not contain any projects that depend on
                                                        	 others.
CreateSolutionIncludingDependencies    :	Verbose  : Attempting to generate solution file D:\work\dcp\HdmiCard\HdmiCard.sln from projects list
    CreatePackage                      :	Verbose  : Checking if any of the following projects should be packaged
                                                    	 D:\work\dcp\HdmiCard\HdmiCard.vcxproj
    CreatePackage                      :	Verbose  : Generating package project
    CreatePackage                      :	Verbose  : Adding reference to project ..\HdmiCard.vcxproj with project guid {4A81F303-3C9F-4A86-8782-296419448529}
    CreatePackage                      :	Information  : Generated Package Project file 'D:\work\dcp\HdmiCard\HdmiCard-Package\HdmiC
                                                        	ard-Package.vcxproj'
        InitializeProjectsForSolution  :	Information  : Generating solution D:\work\dcp\HdmiCard\HdmiCard.sln from:
                                                        	    D:\work\dcp\HdmiCard\HdmiCard-Package\HdmiCard-Package.vcxproj
                                                        	    D:\work\dcp\HdmiCard\HdmiCard.vcxproj
        ExtractProjectGuid           :	Verbose  :  GUID {AD8C17C1-0D3A-4351-8F6E-C95F211C4F0B} was extracted from project D:\work\dcp\HdmiCard\HdmiCard-Package\HdmiCard-Package.vcxproj
        ExtractProjectGuid           :	Verbose  :  GUID {4A81F303-3C9F-4A86-8782-296419448529} was extracted from project D:\work\dcp\HdmiCard\HdmiCard.vcxproj
        InitializeProjectsForSolution:	Verbose  : Project D:\work\dcp\HdmiCard\HdmiCard-Package\HdmiCard-Package.vcxproj does not depend on others
        InitializeProjectsForSolution:	Verbose  : Project D:\work\dcp\HdmiCard\HdmiCard.vcxproj does not depend on others
        WriteProjectEntries          :	Verbose  : Added project HdmiCard-Package to solution with a GUID of {AD8C17C1-0D3A-4351-8F6E-C95F211C4F0B}
        WriteProjectEntries          :	Verbose  : Added project HdmiCard to solution with a GUID of {4A81F303-3C9F-4A86-8782-296419448529}
    WriteProjectConfigurations       :	Verbose  : Writing project configurations for D:\work\dcp\HdmiCard\HdmiCard-Package\HdmiCard-Package.vcxproj
    WriteProjectConfigurations       :	Verbose  : Writing project configurations for D:\work\dcp\HdmiCard\HdmiCard.vcxproj
CreateSolutionIncludingDependencies  :	Information  : Solution D:\work\dcp\HdmiCard\HdmiCard.sln was created successfully
Convert                              :	Information  : ========== Project Conversion Finished: 1 Solution created with 2 Projects 
                                                      	==========
Convert                              :	Verbose  : 2013/7/12 17:59:04
